{"@timestamp":"2025-04-10T07:56:04.5612161Z","@version":"1","message":"Starting SaasApplication using Java 21.0.6 with PID 10664 (E:\\project\\method\\Saas\\build\\classes\\java\\main started by cyrkakou in E:\\project\\method\\Saas)","logger_name":"com.devolution.saas.SaasApplication","thread_name":"restartedMain","level":"INFO","level_value":20000,"application":"saas-api","environment":"dev"}
{"@timestamp":"2025-04-10T07:56:04.5620549Z","@version":"1","message":"Running with Spring Boot v3.2.3, Spring v6.1.4","logger_name":"com.devolution.saas.SaasApplication","thread_name":"restartedMain","level":"DEBUG","level_value":10000,"application":"saas-api","environment":"dev"}
{"@timestamp":"2025-04-10T07:56:04.5620549Z","@version":"1","message":"The following 1 profile is active: \"dev\"","logger_name":"com.devolution.saas.SaasApplication","thread_name":"restartedMain","level":"INFO","level_value":20000,"application":"saas-api","environment":"dev"}
{"@timestamp":"2025-04-10T07:56:08.2013121Z","@version":"1","message":"Initializing ProtocolHandler [\"http-nio-8080\"]","logger_name":"org.apache.coyote.http11.Http11NioProtocol","thread_name":"restartedMain","level":"INFO","level_value":20000,"application":"saas-api","environment":"dev"}
{"@timestamp":"2025-04-10T07:56:08.2033125Z","@version":"1","message":"Starting service [Tomcat]","logger_name":"org.apache.catalina.core.StandardService","thread_name":"restartedMain","level":"INFO","level_value":20000,"application":"saas-api","environment":"dev"}
{"@timestamp":"2025-04-10T07:56:08.2033125Z","@version":"1","message":"Starting Servlet engine: [Apache Tomcat/10.1.19]","logger_name":"org.apache.catalina.core.StandardEngine","thread_name":"restartedMain","level":"INFO","level_value":20000,"application":"saas-api","environment":"dev"}
{"@timestamp":"2025-04-10T07:56:08.2648985Z","@version":"1","message":"Initializing Spring embedded WebApplicationContext","logger_name":"org.apache.catalina.core.ContainerBase.[Tomcat].[localhost].[/]","thread_name":"restartedMain","level":"INFO","level_value":20000,"application":"saas-api","environment":"dev"}
{"@timestamp":"2025-04-10T07:56:09.1084213Z","@version":"1","message":"HikariPool-1 - Starting...","logger_name":"com.zaxxer.hikari.HikariDataSource","thread_name":"restartedMain","level":"INFO","level_value":20000,"application":"saas-api","environment":"dev"}
{"@timestamp":"2025-04-10T07:56:09.3731504Z","@version":"1","message":"HikariPool-1 - Added connection org.postgresql.jdbc.PgConnection@2635817f","logger_name":"com.zaxxer.hikari.pool.HikariPool","thread_name":"restartedMain","level":"INFO","level_value":20000,"application":"saas-api","environment":"dev"}
{"@timestamp":"2025-04-10T07:56:09.3751528Z","@version":"1","message":"HikariPool-1 - Start completed.","logger_name":"com.zaxxer.hikari.HikariDataSource","thread_name":"restartedMain","level":"INFO","level_value":20000,"application":"saas-api","environment":"dev"}
{"@timestamp":"2025-04-10T07:56:09.4101799Z","@version":"1","message":"Database: jdbc:postgresql://localhost:5432/saas (PostgreSQL 17.2)","logger_name":"org.flywaydb.core.FlywayExecutor","thread_name":"restartedMain","level":"INFO","level_value":20000,"application":"saas-api","environment":"dev"}
{"@timestamp":"2025-04-10T07:56:09.6452387Z","@version":"1","message":"Current version of schema \"public\": 10","logger_name":"org.flywaydb.core.internal.command.DbMigrate","thread_name":"restartedMain","level":"INFO","level_value":20000,"application":"saas-api","environment":"dev"}
{"@timestamp":"2025-04-10T07:56:09.6464029Z","@version":"1","message":"outOfOrder mode is active. Migration of schema \"public\" may not be reproducible.","logger_name":"org.flywaydb.core.internal.command.DbMigrate","thread_name":"restartedMain","level":"WARN","level_value":30000,"application":"saas-api","environment":"dev"}
{"@timestamp":"2025-04-10T07:56:09.6506815Z","@version":"1","message":"Schema \"public\" is up to date. No migration necessary.","logger_name":"org.flywaydb.core.internal.command.DbMigrate","thread_name":"restartedMain","level":"INFO","level_value":20000,"application":"saas-api","environment":"dev"}
{"@timestamp":"2025-04-10T07:56:13.1989222Z","@version":"1","message":"Filter 'jwtAuthenticationFilter' configured for use","logger_name":"com.devolution.saas.core.security.infrastructure.filter.JwtAuthenticationFilter","thread_name":"restartedMain","level":"DEBUG","level_value":10000,"application":"saas-api","environment":"dev"}
{"@timestamp":"2025-04-10T07:56:13.200069Z","@version":"1","message":"Filter 'rateLimitFilter' configured for use","logger_name":"com.devolution.saas.common.filter.RateLimitFilter","thread_name":"restartedMain","level":"DEBUG","level_value":10000,"application":"saas-api","environment":"dev"}
{"@timestamp":"2025-04-10T07:56:13.2010773Z","@version":"1","message":"Filter 'requestLoggingFilter' configured for use","logger_name":"com.devolution.saas.common.filter.RequestLoggingFilter","thread_name":"restartedMain","level":"DEBUG","level_value":10000,"application":"saas-api","environment":"dev"}
{"@timestamp":"2025-04-10T07:56:13.2010773Z","@version":"1","message":"Filter 'apiKeyAuthenticationFilter' configured for use","logger_name":"com.devolution.saas.core.security.infrastructure.filter.ApiKeyAuthenticationFilter","thread_name":"restartedMain","level":"DEBUG","level_value":10000,"application":"saas-api","environment":"dev"}
{"@timestamp":"2025-04-10T07:56:14.2217952Z","@version":"1","message":"Initialisation des données désactivée temporairement","logger_name":"com.devolution.saas.core.security.infrastructure.config.InitialDataLoader","thread_name":"restartedMain","level":"INFO","level_value":20000,"application":"saas-api","environment":"dev"}
{"@timestamp":"2025-04-10T07:56:16.4657306Z","@version":"1","message":"Starting ProtocolHandler [\"http-nio-8080\"]","logger_name":"org.apache.coyote.http11.Http11NioProtocol","thread_name":"restartedMain","level":"INFO","level_value":20000,"application":"saas-api","environment":"dev"}
{"@timestamp":"2025-04-10T07:56:16.4987642Z","@version":"1","message":"Started SaasApplication in 12.685 seconds (process running for 15.365)","logger_name":"com.devolution.saas.SaasApplication","thread_name":"restartedMain","level":"INFO","level_value":20000,"application":"saas-api","environment":"dev"}
{"@timestamp":"2025-04-10T07:56:16.5037705Z","@version":"1","message":"Exécution de la tâche planifiée de nettoyage des buckets de rate limiting","logger_name":"com.devolution.saas.common.config.RateLimitConfig","thread_name":"scheduling-1","level":"DEBUG","level_value":10000,"application":"saas-api","environment":"dev"}
{"@timestamp":"2025-04-10T07:56:16.5037705Z","@version":"1","message":"Nettoyage des buckets de rate limiting","logger_name":"com.devolution.saas.common.service.RateLimitService","thread_name":"scheduling-1","level":"DEBUG","level_value":10000,"application":"saas-api","environment":"dev"}
{"@timestamp":"2025-04-10T07:56:17.1644279Z","@version":"1","message":"Initializing Spring DispatcherServlet 'dispatcherServlet'","logger_name":"org.apache.catalina.core.ContainerBase.[Tomcat].[localhost].[/]","thread_name":"RMI TCP Connection(2)-192.168.88.246","level":"INFO","level_value":20000,"application":"saas-api","environment":"dev"}
{"@timestamp":"2025-04-10T08:33:41.7545663Z","@version":"1","message":"Stopping ProtocolHandler [\"http-nio-8080\"]","logger_name":"org.apache.coyote.http11.Http11NioProtocol","thread_name":"Thread-10","level":"INFO","level_value":20000,"application":"saas-api","environment":"dev"}
{"@timestamp":"2025-04-10T08:33:41.7683259Z","@version":"1","message":"HikariPool-1 - Shutdown initiated...","logger_name":"com.zaxxer.hikari.HikariDataSource","thread_name":"Thread-10","level":"INFO","level_value":20000,"application":"saas-api","environment":"dev"}
{"@timestamp":"2025-04-10T08:33:41.7703374Z","@version":"1","message":"HikariPool-1 - Shutdown completed.","logger_name":"com.zaxxer.hikari.HikariDataSource","thread_name":"Thread-10","level":"INFO","level_value":20000,"application":"saas-api","environment":"dev"}
{"@timestamp":"2025-04-10T08:33:41.9528227Z","@version":"1","message":"Starting SaasApplication using Java 21.0.6 with PID 10664 (E:\\project\\method\\Saas\\build\\classes\\java\\main started by cyrkakou in E:\\project\\method\\Saas)","logger_name":"com.devolution.saas.SaasApplication","thread_name":"restartedMain","level":"INFO","level_value":20000,"application":"saas-api","environment":"dev"}
{"@timestamp":"2025-04-10T08:33:41.9528227Z","@version":"1","message":"Running with Spring Boot v3.2.3, Spring v6.1.4","logger_name":"com.devolution.saas.SaasApplication","thread_name":"restartedMain","level":"DEBUG","level_value":10000,"application":"saas-api","environment":"dev"}
{"@timestamp":"2025-04-10T08:33:41.9528227Z","@version":"1","message":"The following 1 profile is active: \"dev\"","logger_name":"com.devolution.saas.SaasApplication","thread_name":"restartedMain","level":"INFO","level_value":20000,"application":"saas-api","environment":"dev"}
{"@timestamp":"2025-04-10T08:33:42.8488797Z","@version":"1","message":"Initializing ProtocolHandler [\"http-nio-8080\"]","logger_name":"org.apache.coyote.http11.Http11NioProtocol","thread_name":"restartedMain","level":"INFO","level_value":20000,"application":"saas-api","environment":"dev"}
{"@timestamp":"2025-04-10T08:33:42.8488797Z","@version":"1","message":"Starting service [Tomcat]","logger_name":"org.apache.catalina.core.StandardService","thread_name":"restartedMain","level":"INFO","level_value":20000,"application":"saas-api","environment":"dev"}
{"@timestamp":"2025-04-10T08:33:42.8488797Z","@version":"1","message":"Starting Servlet engine: [Apache Tomcat/10.1.19]","logger_name":"org.apache.catalina.core.StandardEngine","thread_name":"restartedMain","level":"INFO","level_value":20000,"application":"saas-api","environment":"dev"}
{"@timestamp":"2025-04-10T08:33:42.867412Z","@version":"1","message":"Initializing Spring embedded WebApplicationContext","logger_name":"org.apache.catalina.core.ContainerBase.[Tomcat].[localhost].[/]","thread_name":"restartedMain","level":"INFO","level_value":20000,"application":"saas-api","environment":"dev"}
{"@timestamp":"2025-04-10T08:33:43.1004767Z","@version":"1","message":"HikariPool-2 - Starting...","logger_name":"com.zaxxer.hikari.HikariDataSource","thread_name":"restartedMain","level":"INFO","level_value":20000,"application":"saas-api","environment":"dev"}
{"@timestamp":"2025-04-10T08:33:43.2543177Z","@version":"1","message":"HikariPool-2 - Added connection org.postgresql.jdbc.PgConnection@70824ced","logger_name":"com.zaxxer.hikari.pool.HikariPool","thread_name":"restartedMain","level":"INFO","level_value":20000,"application":"saas-api","environment":"dev"}
{"@timestamp":"2025-04-10T08:33:43.2552718Z","@version":"1","message":"HikariPool-2 - Start completed.","logger_name":"com.zaxxer.hikari.HikariDataSource","thread_name":"restartedMain","level":"INFO","level_value":20000,"application":"saas-api","environment":"dev"}
{"@timestamp":"2025-04-10T08:33:43.256275Z","@version":"1","message":"Database: jdbc:postgresql://localhost:5432/saas (PostgreSQL 17.2)","logger_name":"org.flywaydb.core.FlywayExecutor","thread_name":"restartedMain","level":"INFO","level_value":20000,"application":"saas-api","environment":"dev"}
{"@timestamp":"2025-04-10T08:33:43.2667899Z","@version":"1","message":"Creating Schema History table \"public\".\"flyway_schema_history\" with baseline ...","logger_name":"org.flywaydb.core.internal.schemahistory.JdbcTableSchemaHistory","thread_name":"restartedMain","level":"INFO","level_value":20000,"application":"saas-api","environment":"dev"}
{"@timestamp":"2025-04-10T08:33:43.3274344Z","@version":"1","message":"Successfully baselined schema with version: 1","logger_name":"org.flywaydb.core.internal.command.DbBaseline","thread_name":"restartedMain","level":"INFO","level_value":20000,"application":"saas-api","environment":"dev"}
{"@timestamp":"2025-04-10T08:33:43.3796377Z","@version":"1","message":"Current version of schema \"public\": 1","logger_name":"org.flywaydb.core.internal.command.DbMigrate","thread_name":"restartedMain","level":"INFO","level_value":20000,"application":"saas-api","environment":"dev"}
{"@timestamp":"2025-04-10T08:33:43.3796377Z","@version":"1","message":"outOfOrder mode is active. Migration of schema \"public\" may not be reproducible.","logger_name":"org.flywaydb.core.internal.command.DbMigrate","thread_name":"restartedMain","level":"WARN","level_value":30000,"application":"saas-api","environment":"dev"}
{"@timestamp":"2025-04-10T08:33:43.3796377Z","@version":"1","message":"Schema \"public\" is up to date. No migration necessary.","logger_name":"org.flywaydb.core.internal.command.DbMigrate","thread_name":"restartedMain","level":"INFO","level_value":20000,"application":"saas-api","environment":"dev"}
{"@timestamp":"2025-04-10T08:33:44.2906833Z","@version":"1","message":"Filter 'jwtAuthenticationFilter' configured for use","logger_name":"com.devolution.saas.core.security.infrastructure.filter.JwtAuthenticationFilter","thread_name":"restartedMain","level":"DEBUG","level_value":10000,"application":"saas-api","environment":"dev"}
{"@timestamp":"2025-04-10T08:33:44.2916849Z","@version":"1","message":"Filter 'rateLimitFilter' configured for use","logger_name":"com.devolution.saas.common.filter.RateLimitFilter","thread_name":"restartedMain","level":"DEBUG","level_value":10000,"application":"saas-api","environment":"dev"}
{"@timestamp":"2025-04-10T08:33:44.2916849Z","@version":"1","message":"Filter 'requestLoggingFilter' configured for use","logger_name":"com.devolution.saas.common.filter.RequestLoggingFilter","thread_name":"restartedMain","level":"DEBUG","level_value":10000,"application":"saas-api","environment":"dev"}
{"@timestamp":"2025-04-10T08:33:44.2916849Z","@version":"1","message":"Filter 'apiKeyAuthenticationFilter' configured for use","logger_name":"com.devolution.saas.core.security.infrastructure.filter.ApiKeyAuthenticationFilter","thread_name":"restartedMain","level":"DEBUG","level_value":10000,"application":"saas-api","environment":"dev"}
{"@timestamp":"2025-04-10T08:33:44.9024378Z","@version":"1","message":"Initialisation des données désactivée temporairement","logger_name":"com.devolution.saas.core.security.infrastructure.config.InitialDataLoader","thread_name":"restartedMain","level":"INFO","level_value":20000,"application":"saas-api","environment":"dev"}
{"@timestamp":"2025-04-10T08:33:46.4145529Z","@version":"1","message":"Starting ProtocolHandler [\"http-nio-8080\"]","logger_name":"org.apache.coyote.http11.Http11NioProtocol","thread_name":"restartedMain","level":"INFO","level_value":20000,"application":"saas-api","environment":"dev"}
{"@timestamp":"2025-04-10T08:33:46.4265339Z","@version":"1","message":"Exécution de la tâche planifiée de nettoyage des buckets de rate limiting","logger_name":"com.devolution.saas.common.config.RateLimitConfig","thread_name":"scheduling-1","level":"DEBUG","level_value":10000,"application":"saas-api","environment":"dev"}
{"@timestamp":"2025-04-10T08:33:46.4265339Z","@version":"1","message":"Nettoyage des buckets de rate limiting","logger_name":"com.devolution.saas.common.service.RateLimitService","thread_name":"scheduling-1","level":"DEBUG","level_value":10000,"application":"saas-api","environment":"dev"}
{"@timestamp":"2025-04-10T08:33:46.4274677Z","@version":"1","message":"Started SaasApplication in 4.551 seconds (process running for 2265.294)","logger_name":"com.devolution.saas.SaasApplication","thread_name":"restartedMain","level":"INFO","level_value":20000,"application":"saas-api","environment":"dev"}
{"@timestamp":"2025-04-10T09:33:46.4029591Z","@version":"1","message":"Exécution de la tâche planifiée de nettoyage des buckets de rate limiting","logger_name":"com.devolution.saas.common.config.RateLimitConfig","thread_name":"scheduling-1","level":"DEBUG","level_value":10000,"application":"saas-api","environment":"dev"}
{"@timestamp":"2025-04-10T09:33:46.4029591Z","@version":"1","message":"Nettoyage des buckets de rate limiting","logger_name":"com.devolution.saas.common.service.RateLimitService","thread_name":"scheduling-1","level":"DEBUG","level_value":10000,"application":"saas-api","environment":"dev"}
{"@timestamp":"2025-04-10T09:34:26.2629723Z","@version":"1","message":"Stopping ProtocolHandler [\"http-nio-8080\"]","logger_name":"org.apache.coyote.http11.Http11NioProtocol","thread_name":"Thread-12","level":"INFO","level_value":20000,"application":"saas-api","environment":"dev"}
{"@timestamp":"2025-04-10T09:34:26.2738293Z","@version":"1","message":"HikariPool-2 - Shutdown initiated...","logger_name":"com.zaxxer.hikari.HikariDataSource","thread_name":"Thread-12","level":"INFO","level_value":20000,"application":"saas-api","environment":"dev"}
{"@timestamp":"2025-04-10T09:34:26.275829Z","@version":"1","message":"HikariPool-2 - Shutdown completed.","logger_name":"com.zaxxer.hikari.HikariDataSource","thread_name":"Thread-12","level":"INFO","level_value":20000,"application":"saas-api","environment":"dev"}
{"@timestamp":"2025-04-10T09:34:27.0094883Z","@version":"1","message":"Starting SaasApplication using Java 21.0.6 with PID 10664 (E:\\project\\method\\Saas\\build\\classes\\java\\main started by cyrkakou in E:\\project\\method\\Saas)","logger_name":"com.devolution.saas.SaasApplication","thread_name":"restartedMain","level":"INFO","level_value":20000,"application":"saas-api","environment":"dev"}
{"@timestamp":"2025-04-10T09:34:27.0104872Z","@version":"1","message":"Running with Spring Boot v3.2.3, Spring v6.1.4","logger_name":"com.devolution.saas.SaasApplication","thread_name":"restartedMain","level":"DEBUG","level_value":10000,"application":"saas-api","environment":"dev"}
{"@timestamp":"2025-04-10T09:34:27.0104872Z","@version":"1","message":"The following 1 profile is active: \"dev\"","logger_name":"com.devolution.saas.SaasApplication","thread_name":"restartedMain","level":"INFO","level_value":20000,"application":"saas-api","environment":"dev"}
{"@timestamp":"2025-04-10T09:34:32.6012911Z","@version":"1","message":"Initializing ProtocolHandler [\"http-nio-8080\"]","logger_name":"org.apache.coyote.http11.Http11NioProtocol","thread_name":"restartedMain","level":"INFO","level_value":20000,"application":"saas-api","environment":"dev"}
{"@timestamp":"2025-04-10T09:34:32.6022906Z","@version":"1","message":"Starting service [Tomcat]","logger_name":"org.apache.catalina.core.StandardService","thread_name":"restartedMain","level":"INFO","level_value":20000,"application":"saas-api","environment":"dev"}
{"@timestamp":"2025-04-10T09:34:32.6022906Z","@version":"1","message":"Starting Servlet engine: [Apache Tomcat/10.1.19]","logger_name":"org.apache.catalina.core.StandardEngine","thread_name":"restartedMain","level":"INFO","level_value":20000,"application":"saas-api","environment":"dev"}
{"@timestamp":"2025-04-10T09:34:32.660264Z","@version":"1","message":"Initializing Spring embedded WebApplicationContext","logger_name":"org.apache.catalina.core.ContainerBase.[Tomcat].[localhost].[/]","thread_name":"restartedMain","level":"INFO","level_value":20000,"application":"saas-api","environment":"dev"}
{"@timestamp":"2025-04-10T09:34:33.2274657Z","@version":"1","message":"HikariPool-3 - Starting...","logger_name":"com.zaxxer.hikari.HikariDataSource","thread_name":"restartedMain","level":"INFO","level_value":20000,"application":"saas-api","environment":"dev"}
{"@timestamp":"2025-04-10T09:34:33.4156525Z","@version":"1","message":"HikariPool-3 - Added connection org.postgresql.jdbc.PgConnection@3a406daa","logger_name":"com.zaxxer.hikari.pool.HikariPool","thread_name":"restartedMain","level":"INFO","level_value":20000,"application":"saas-api","environment":"dev"}
{"@timestamp":"2025-04-10T09:34:33.4166507Z","@version":"1","message":"HikariPool-3 - Start completed.","logger_name":"com.zaxxer.hikari.HikariDataSource","thread_name":"restartedMain","level":"INFO","level_value":20000,"application":"saas-api","environment":"dev"}
{"@timestamp":"2025-04-10T09:34:33.4187361Z","@version":"1","message":"Database: jdbc:postgresql://localhost:5432/saas (PostgreSQL 17.2)","logger_name":"org.flywaydb.core.FlywayExecutor","thread_name":"restartedMain","level":"INFO","level_value":20000,"application":"saas-api","environment":"dev"}
{"@timestamp":"2025-04-10T09:34:33.5527892Z","@version":"1","message":"Current version of schema \"public\": 1","logger_name":"org.flywaydb.core.internal.command.DbMigrate","thread_name":"restartedMain","level":"INFO","level_value":20000,"application":"saas-api","environment":"dev"}
{"@timestamp":"2025-04-10T09:34:33.5527892Z","@version":"1","message":"outOfOrder mode is active. Migration of schema \"public\" may not be reproducible.","logger_name":"org.flywaydb.core.internal.command.DbMigrate","thread_name":"restartedMain","level":"WARN","level_value":30000,"application":"saas-api","environment":"dev"}
{"@timestamp":"2025-04-10T09:34:33.5537946Z","@version":"1","message":"Schema \"public\" is up to date. No migration necessary.","logger_name":"org.flywaydb.core.internal.command.DbMigrate","thread_name":"restartedMain","level":"INFO","level_value":20000,"application":"saas-api","environment":"dev"}
{"@timestamp":"2025-04-10T09:34:35.3069916Z","@version":"1","message":"Filter 'jwtAuthenticationFilter' configured for use","logger_name":"com.devolution.saas.core.security.infrastructure.filter.JwtAuthenticationFilter","thread_name":"restartedMain","level":"DEBUG","level_value":10000,"application":"saas-api","environment":"dev"}
{"@timestamp":"2025-04-10T09:34:35.3079955Z","@version":"1","message":"Filter 'rateLimitFilter' configured for use","logger_name":"com.devolution.saas.common.filter.RateLimitFilter","thread_name":"restartedMain","level":"DEBUG","level_value":10000,"application":"saas-api","environment":"dev"}
{"@timestamp":"2025-04-10T09:34:35.3079955Z","@version":"1","message":"Filter 'requestLoggingFilter' configured for use","logger_name":"com.devolution.saas.common.filter.RequestLoggingFilter","thread_name":"restartedMain","level":"DEBUG","level_value":10000,"application":"saas-api","environment":"dev"}
{"@timestamp":"2025-04-10T09:34:35.30899Z","@version":"1","message":"Filter 'apiKeyAuthenticationFilter' configured for use","logger_name":"com.devolution.saas.core.security.infrastructure.filter.ApiKeyAuthenticationFilter","thread_name":"restartedMain","level":"DEBUG","level_value":10000,"application":"saas-api","environment":"dev"}
{"@timestamp":"2025-04-10T09:34:36.492964Z","@version":"1","message":"Initialisation des données désactivée temporairement","logger_name":"com.devolution.saas.core.security.infrastructure.config.InitialDataLoader","thread_name":"restartedMain","level":"INFO","level_value":20000,"application":"saas-api","environment":"dev"}
{"@timestamp":"2025-04-10T09:34:36.5842889Z","@version":"1","message":"HikariPool-3 - Shutdown initiated...","logger_name":"com.zaxxer.hikari.HikariDataSource","thread_name":"restartedMain","level":"INFO","level_value":20000,"application":"saas-api","environment":"dev"}
{"@timestamp":"2025-04-10T09:34:36.5862891Z","@version":"1","message":"HikariPool-3 - Shutdown completed.","logger_name":"com.zaxxer.hikari.HikariDataSource","thread_name":"restartedMain","level":"INFO","level_value":20000,"application":"saas-api","environment":"dev"}
{"@timestamp":"2025-04-10T09:34:36.5872849Z","@version":"1","message":"Stopping service [Tomcat]","logger_name":"org.apache.catalina.core.StandardService","thread_name":"restartedMain","level":"INFO","level_value":20000,"application":"saas-api","environment":"dev"}
{"@timestamp":"2025-04-10T09:34:38.1725117Z","@version":"1","message":"Starting SaasApplication using Java 21.0.6 with PID 10664 (E:\\project\\method\\Saas\\build\\classes\\java\\main started by cyrkakou in E:\\project\\method\\Saas)","logger_name":"com.devolution.saas.SaasApplication","thread_name":"restartedMain","level":"INFO","level_value":20000,"application":"saas-api","environment":"dev"}
{"@timestamp":"2025-04-10T09:34:38.1735185Z","@version":"1","message":"Running with Spring Boot v3.2.3, Spring v6.1.4","logger_name":"com.devolution.saas.SaasApplication","thread_name":"restartedMain","level":"DEBUG","level_value":10000,"application":"saas-api","environment":"dev"}
{"@timestamp":"2025-04-10T09:34:38.1735185Z","@version":"1","message":"The following 1 profile is active: \"dev\"","logger_name":"com.devolution.saas.SaasApplication","thread_name":"restartedMain","level":"INFO","level_value":20000,"application":"saas-api","environment":"dev"}
{"@timestamp":"2025-04-10T09:34:38.7812411Z","@version":"1","message":"Initializing ProtocolHandler [\"http-nio-8080\"]","logger_name":"org.apache.coyote.http11.Http11NioProtocol","thread_name":"restartedMain","level":"INFO","level_value":20000,"application":"saas-api","environment":"dev"}
{"@timestamp":"2025-04-10T09:34:38.7812411Z","@version":"1","message":"Starting service [Tomcat]","logger_name":"org.apache.catalina.core.StandardService","thread_name":"restartedMain","level":"INFO","level_value":20000,"application":"saas-api","environment":"dev"}
{"@timestamp":"2025-04-10T09:34:38.7812411Z","@version":"1","message":"Starting Servlet engine: [Apache Tomcat/10.1.19]","logger_name":"org.apache.catalina.core.StandardEngine","thread_name":"restartedMain","level":"INFO","level_value":20000,"application":"saas-api","environment":"dev"}
{"@timestamp":"2025-04-10T09:34:38.7965309Z","@version":"1","message":"Initializing Spring embedded WebApplicationContext","logger_name":"org.apache.catalina.core.ContainerBase.[Tomcat-1].[localhost].[/]","thread_name":"restartedMain","level":"INFO","level_value":20000,"application":"saas-api","environment":"dev"}
{"@timestamp":"2025-04-10T09:34:39.0147338Z","@version":"1","message":"HikariPool-4 - Starting...","logger_name":"com.zaxxer.hikari.HikariDataSource","thread_name":"restartedMain","level":"INFO","level_value":20000,"application":"saas-api","environment":"dev"}
{"@timestamp":"2025-04-10T09:34:39.0571767Z","@version":"1","message":"HikariPool-4 - Added connection org.postgresql.jdbc.PgConnection@5ddbc7f8","logger_name":"com.zaxxer.hikari.pool.HikariPool","thread_name":"restartedMain","level":"INFO","level_value":20000,"application":"saas-api","environment":"dev"}
{"@timestamp":"2025-04-10T09:34:39.0571767Z","@version":"1","message":"HikariPool-4 - Start completed.","logger_name":"com.zaxxer.hikari.HikariDataSource","thread_name":"restartedMain","level":"INFO","level_value":20000,"application":"saas-api","environment":"dev"}
{"@timestamp":"2025-04-10T09:34:39.0581973Z","@version":"1","message":"Database: jdbc:postgresql://localhost:5432/saas (PostgreSQL 17.2)","logger_name":"org.flywaydb.core.FlywayExecutor","thread_name":"restartedMain","level":"INFO","level_value":20000,"application":"saas-api","environment":"dev"}
{"@timestamp":"2025-04-10T09:34:39.2081341Z","@version":"1","message":"Current version of schema \"public\": 1","logger_name":"org.flywaydb.core.internal.command.DbMigrate","thread_name":"restartedMain","level":"INFO","level_value":20000,"application":"saas-api","environment":"dev"}
{"@timestamp":"2025-04-10T09:34:39.2081341Z","@version":"1","message":"outOfOrder mode is active. Migration of schema \"public\" may not be reproducible.","logger_name":"org.flywaydb.core.internal.command.DbMigrate","thread_name":"restartedMain","level":"WARN","level_value":30000,"application":"saas-api","environment":"dev"}
{"@timestamp":"2025-04-10T09:34:39.2081341Z","@version":"1","message":"Schema \"public\" is up to date. No migration necessary.","logger_name":"org.flywaydb.core.internal.command.DbMigrate","thread_name":"restartedMain","level":"INFO","level_value":20000,"application":"saas-api","environment":"dev"}
{"@timestamp":"2025-04-10T09:34:40.0463746Z","@version":"1","message":"Filter 'jwtAuthenticationFilter' configured for use","logger_name":"com.devolution.saas.core.security.infrastructure.filter.JwtAuthenticationFilter","thread_name":"restartedMain","level":"DEBUG","level_value":10000,"application":"saas-api","environment":"dev"}
{"@timestamp":"2025-04-10T09:34:40.0463746Z","@version":"1","message":"Filter 'rateLimitFilter' configured for use","logger_name":"com.devolution.saas.common.filter.RateLimitFilter","thread_name":"restartedMain","level":"DEBUG","level_value":10000,"application":"saas-api","environment":"dev"}
{"@timestamp":"2025-04-10T09:34:40.0463746Z","@version":"1","message":"Filter 'requestLoggingFilter' configured for use","logger_name":"com.devolution.saas.common.filter.RequestLoggingFilter","thread_name":"restartedMain","level":"DEBUG","level_value":10000,"application":"saas-api","environment":"dev"}
{"@timestamp":"2025-04-10T09:34:40.0463746Z","@version":"1","message":"Filter 'apiKeyAuthenticationFilter' configured for use","logger_name":"com.devolution.saas.core.security.infrastructure.filter.ApiKeyAuthenticationFilter","thread_name":"restartedMain","level":"DEBUG","level_value":10000,"application":"saas-api","environment":"dev"}
{"@timestamp":"2025-04-10T09:34:41.2428234Z","@version":"1","message":"Initialisation des données désactivée temporairement","logger_name":"com.devolution.saas.core.security.infrastructure.config.InitialDataLoader","thread_name":"restartedMain","level":"INFO","level_value":20000,"application":"saas-api","environment":"dev"}
{"@timestamp":"2025-04-10T09:34:45.3420323Z","@version":"1","message":"Starting ProtocolHandler [\"http-nio-8080\"]","logger_name":"org.apache.coyote.http11.Http11NioProtocol","thread_name":"restartedMain","level":"INFO","level_value":20000,"application":"saas-api","environment":"dev"}
{"@timestamp":"2025-04-10T09:34:45.3663668Z","@version":"1","message":"Exécution de la tâche planifiée de nettoyage des buckets de rate limiting","logger_name":"com.devolution.saas.common.config.RateLimitConfig","thread_name":"scheduling-1","level":"DEBUG","level_value":10000,"application":"saas-api","environment":"dev"}
{"@timestamp":"2025-04-10T09:34:45.3678231Z","@version":"1","message":"Nettoyage des buckets de rate limiting","logger_name":"com.devolution.saas.common.service.RateLimitService","thread_name":"scheduling-1","level":"DEBUG","level_value":10000,"application":"saas-api","environment":"dev"}
{"@timestamp":"2025-04-10T09:34:45.3698347Z","@version":"1","message":"Started SaasApplication in 7.237 seconds (process running for 5924.269)","logger_name":"com.devolution.saas.SaasApplication","thread_name":"restartedMain","level":"INFO","level_value":20000,"application":"saas-api","environment":"dev"}
{"@timestamp":"2025-04-10T09:34:52.1206296Z","@version":"1","message":"Stopping ProtocolHandler [\"http-nio-8080\"]","logger_name":"org.apache.coyote.http11.Http11NioProtocol","thread_name":"Thread-21","level":"INFO","level_value":20000,"application":"saas-api","environment":"dev"}
{"@timestamp":"2025-04-10T09:34:52.1454992Z","@version":"1","message":"HikariPool-4 - Shutdown initiated...","logger_name":"com.zaxxer.hikari.HikariDataSource","thread_name":"Thread-21","level":"INFO","level_value":20000,"application":"saas-api","environment":"dev"}
{"@timestamp":"2025-04-10T09:34:52.1934474Z","@version":"1","message":"HikariPool-4 - Shutdown completed.","logger_name":"com.zaxxer.hikari.HikariDataSource","thread_name":"Thread-21","level":"INFO","level_value":20000,"application":"saas-api","environment":"dev"}
{"@timestamp":"2025-04-10T09:34:52.7052361Z","@version":"1","message":"Starting SaasApplication using Java 21.0.6 with PID 10664 (E:\\project\\method\\Saas\\build\\classes\\java\\main started by cyrkakou in E:\\project\\method\\Saas)","logger_name":"com.devolution.saas.SaasApplication","thread_name":"restartedMain","level":"INFO","level_value":20000,"application":"saas-api","environment":"dev"}
{"@timestamp":"2025-04-10T09:34:52.7052361Z","@version":"1","message":"Running with Spring Boot v3.2.3, Spring v6.1.4","logger_name":"com.devolution.saas.SaasApplication","thread_name":"restartedMain","level":"DEBUG","level_value":10000,"application":"saas-api","environment":"dev"}
{"@timestamp":"2025-04-10T09:34:52.705742Z","@version":"1","message":"The following 1 profile is active: \"dev\"","logger_name":"com.devolution.saas.SaasApplication","thread_name":"restartedMain","level":"INFO","level_value":20000,"application":"saas-api","environment":"dev"}
{"@timestamp":"2025-04-10T09:34:56.2284707Z","@version":"1","message":"Initializing ProtocolHandler [\"http-nio-8080\"]","logger_name":"org.apache.coyote.http11.Http11NioProtocol","thread_name":"restartedMain","level":"INFO","level_value":20000,"application":"saas-api","environment":"dev"}
{"@timestamp":"2025-04-10T09:34:56.2294706Z","@version":"1","message":"Starting service [Tomcat]","logger_name":"org.apache.catalina.core.StandardService","thread_name":"restartedMain","level":"INFO","level_value":20000,"application":"saas-api","environment":"dev"}
{"@timestamp":"2025-04-10T09:34:56.2294706Z","@version":"1","message":"Starting Servlet engine: [Apache Tomcat/10.1.19]","logger_name":"org.apache.catalina.core.StandardEngine","thread_name":"restartedMain","level":"INFO","level_value":20000,"application":"saas-api","environment":"dev"}
{"@timestamp":"2025-04-10T09:34:56.2770821Z","@version":"1","message":"Initializing Spring embedded WebApplicationContext","logger_name":"org.apache.catalina.core.ContainerBase.[Tomcat-1].[localhost].[/]","thread_name":"restartedMain","level":"INFO","level_value":20000,"application":"saas-api","environment":"dev"}
{"@timestamp":"2025-04-10T09:34:57.202526Z","@version":"1","message":"HikariPool-5 - Starting...","logger_name":"com.zaxxer.hikari.HikariDataSource","thread_name":"restartedMain","level":"INFO","level_value":20000,"application":"saas-api","environment":"dev"}
{"@timestamp":"2025-04-10T09:34:57.3378012Z","@version":"1","message":"HikariPool-5 - Added connection org.postgresql.jdbc.PgConnection@6697f82","logger_name":"com.zaxxer.hikari.pool.HikariPool","thread_name":"restartedMain","level":"INFO","level_value":20000,"application":"saas-api","environment":"dev"}
{"@timestamp":"2025-04-10T09:34:57.3378012Z","@version":"1","message":"HikariPool-5 - Start completed.","logger_name":"com.zaxxer.hikari.HikariDataSource","thread_name":"restartedMain","level":"INFO","level_value":20000,"application":"saas-api","environment":"dev"}
{"@timestamp":"2025-04-10T09:34:57.3398012Z","@version":"1","message":"Database: jdbc:postgresql://localhost:5432/saas (PostgreSQL 17.2)","logger_name":"org.flywaydb.core.FlywayExecutor","thread_name":"restartedMain","level":"INFO","level_value":20000,"application":"saas-api","environment":"dev"}
{"@timestamp":"2025-04-10T09:34:57.4914328Z","@version":"1","message":"Current version of schema \"public\": 1","logger_name":"org.flywaydb.core.internal.command.DbMigrate","thread_name":"restartedMain","level":"INFO","level_value":20000,"application":"saas-api","environment":"dev"}
{"@timestamp":"2025-04-10T09:34:57.4914328Z","@version":"1","message":"outOfOrder mode is active. Migration of schema \"public\" may not be reproducible.","logger_name":"org.flywaydb.core.internal.command.DbMigrate","thread_name":"restartedMain","level":"WARN","level_value":30000,"application":"saas-api","environment":"dev"}
{"@timestamp":"2025-04-10T09:34:57.4914328Z","@version":"1","message":"Schema \"public\" is up to date. No migration necessary.","logger_name":"org.flywaydb.core.internal.command.DbMigrate","thread_name":"restartedMain","level":"INFO","level_value":20000,"application":"saas-api","environment":"dev"}
{"@timestamp":"2025-04-10T09:35:00.0582255Z","@version":"1","message":"Filter 'jwtAuthenticationFilter' configured for use","logger_name":"com.devolution.saas.core.security.infrastructure.filter.JwtAuthenticationFilter","thread_name":"restartedMain","level":"DEBUG","level_value":10000,"application":"saas-api","environment":"dev"}
{"@timestamp":"2025-04-10T09:35:00.0587332Z","@version":"1","message":"Filter 'rateLimitFilter' configured for use","logger_name":"com.devolution.saas.common.filter.RateLimitFilter","thread_name":"restartedMain","level":"DEBUG","level_value":10000,"application":"saas-api","environment":"dev"}
{"@timestamp":"2025-04-10T09:35:00.0587332Z","@version":"1","message":"Filter 'requestLoggingFilter' configured for use","logger_name":"com.devolution.saas.common.filter.RequestLoggingFilter","thread_name":"restartedMain","level":"DEBUG","level_value":10000,"application":"saas-api","environment":"dev"}
{"@timestamp":"2025-04-10T09:35:00.0589928Z","@version":"1","message":"Filter 'apiKeyAuthenticationFilter' configured for use","logger_name":"com.devolution.saas.core.security.infrastructure.filter.ApiKeyAuthenticationFilter","thread_name":"restartedMain","level":"DEBUG","level_value":10000,"application":"saas-api","environment":"dev"}
{"@timestamp":"2025-04-10T09:35:01.8685839Z","@version":"1","message":"Initialisation des données désactivée temporairement","logger_name":"com.devolution.saas.core.security.infrastructure.config.InitialDataLoader","thread_name":"restartedMain","level":"INFO","level_value":20000,"application":"saas-api","environment":"dev"}
{"@timestamp":"2025-04-10T09:35:04.3052315Z","@version":"1","message":"Starting ProtocolHandler [\"http-nio-8080\"]","logger_name":"org.apache.coyote.http11.Http11NioProtocol","thread_name":"restartedMain","level":"INFO","level_value":20000,"application":"saas-api","environment":"dev"}
{"@timestamp":"2025-04-10T09:35:04.3208446Z","@version":"1","message":"Started SaasApplication in 11.714 seconds (process running for 5943.223)","logger_name":"com.devolution.saas.SaasApplication","thread_name":"restartedMain","level":"INFO","level_value":20000,"application":"saas-api","environment":"dev"}
{"@timestamp":"2025-04-10T09:35:04.3208446Z","@version":"1","message":"Exécution de la tâche planifiée de nettoyage des buckets de rate limiting","logger_name":"com.devolution.saas.common.config.RateLimitConfig","thread_name":"scheduling-1","level":"DEBUG","level_value":10000,"application":"saas-api","environment":"dev"}
{"@timestamp":"2025-04-10T09:35:04.321844Z","@version":"1","message":"Nettoyage des buckets de rate limiting","logger_name":"com.devolution.saas.common.service.RateLimitService","thread_name":"scheduling-1","level":"DEBUG","level_value":10000,"application":"saas-api","environment":"dev"}
{"@timestamp":"2025-04-10T09:36:14.6017172Z","@version":"1","message":"Stopping ProtocolHandler [\"http-nio-8080\"]","logger_name":"org.apache.coyote.http11.Http11NioProtocol","thread_name":"Thread-38","level":"INFO","level_value":20000,"application":"saas-api","environment":"dev"}
{"@timestamp":"2025-04-10T09:36:14.6088175Z","@version":"1","message":"HikariPool-5 - Shutdown initiated...","logger_name":"com.zaxxer.hikari.HikariDataSource","thread_name":"Thread-38","level":"INFO","level_value":20000,"application":"saas-api","environment":"dev"}
{"@timestamp":"2025-04-10T09:36:14.6107234Z","@version":"1","message":"HikariPool-5 - Shutdown completed.","logger_name":"com.zaxxer.hikari.HikariDataSource","thread_name":"Thread-38","level":"INFO","level_value":20000,"application":"saas-api","environment":"dev"}
{"@timestamp":"2025-04-10T09:36:15.1982432Z","@version":"1","message":"Starting SaasApplication using Java 21.0.6 with PID 10664 (E:\\project\\method\\Saas\\build\\classes\\java\\main started by cyrkakou in E:\\project\\method\\Saas)","logger_name":"com.devolution.saas.SaasApplication","thread_name":"restartedMain","level":"INFO","level_value":20000,"application":"saas-api","environment":"dev"}
{"@timestamp":"2025-04-10T09:36:15.1992525Z","@version":"1","message":"Running with Spring Boot v3.2.3, Spring v6.1.4","logger_name":"com.devolution.saas.SaasApplication","thread_name":"restartedMain","level":"DEBUG","level_value":10000,"application":"saas-api","environment":"dev"}
{"@timestamp":"2025-04-10T09:36:15.1992525Z","@version":"1","message":"The following 1 profile is active: \"dev\"","logger_name":"com.devolution.saas.SaasApplication","thread_name":"restartedMain","level":"INFO","level_value":20000,"application":"saas-api","environment":"dev"}
{"@timestamp":"2025-04-10T09:36:19.9682275Z","@version":"1","message":"Initializing ProtocolHandler [\"http-nio-8080\"]","logger_name":"org.apache.coyote.http11.Http11NioProtocol","thread_name":"restartedMain","level":"INFO","level_value":20000,"application":"saas-api","environment":"dev"}
{"@timestamp":"2025-04-10T09:36:19.9682275Z","@version":"1","message":"Starting service [Tomcat]","logger_name":"org.apache.catalina.core.StandardService","thread_name":"restartedMain","level":"INFO","level_value":20000,"application":"saas-api","environment":"dev"}
{"@timestamp":"2025-04-10T09:36:19.9682275Z","@version":"1","message":"Starting Servlet engine: [Apache Tomcat/10.1.19]","logger_name":"org.apache.catalina.core.StandardEngine","thread_name":"restartedMain","level":"INFO","level_value":20000,"application":"saas-api","environment":"dev"}
{"@timestamp":"2025-04-10T09:36:20.0966983Z","@version":"1","message":"Initializing Spring embedded WebApplicationContext","logger_name":"org.apache.catalina.core.ContainerBase.[Tomcat-1].[localhost].[/]","thread_name":"restartedMain","level":"INFO","level_value":20000,"application":"saas-api","environment":"dev"}
{"@timestamp":"2025-04-10T09:36:21.861213Z","@version":"1","message":"HikariPool-6 - Starting...","logger_name":"com.zaxxer.hikari.HikariDataSource","thread_name":"restartedMain","level":"INFO","level_value":20000,"application":"saas-api","environment":"dev"}
{"@timestamp":"2025-04-10T09:36:22.0907055Z","@version":"1","message":"HikariPool-6 - Added connection org.postgresql.jdbc.PgConnection@7e3a7637","logger_name":"com.zaxxer.hikari.pool.HikariPool","thread_name":"restartedMain","level":"INFO","level_value":20000,"application":"saas-api","environment":"dev"}
{"@timestamp":"2025-04-10T09:36:22.0907055Z","@version":"1","message":"HikariPool-6 - Start completed.","logger_name":"com.zaxxer.hikari.HikariDataSource","thread_name":"restartedMain","level":"INFO","level_value":20000,"application":"saas-api","environment":"dev"}
{"@timestamp":"2025-04-10T09:36:22.0922152Z","@version":"1","message":"Database: jdbc:postgresql://localhost:5432/saas (PostgreSQL 17.2)","logger_name":"org.flywaydb.core.FlywayExecutor","thread_name":"restartedMain","level":"INFO","level_value":20000,"application":"saas-api","environment":"dev"}
{"@timestamp":"2025-04-10T09:36:22.3368275Z","@version":"1","message":"Current version of schema \"public\": 1","logger_name":"org.flywaydb.core.internal.command.DbMigrate","thread_name":"restartedMain","level":"INFO","level_value":20000,"application":"saas-api","environment":"dev"}
{"@timestamp":"2025-04-10T09:36:22.3380979Z","@version":"1","message":"outOfOrder mode is active. Migration of schema \"public\" may not be reproducible.","logger_name":"org.flywaydb.core.internal.command.DbMigrate","thread_name":"restartedMain","level":"WARN","level_value":30000,"application":"saas-api","environment":"dev"}
{"@timestamp":"2025-04-10T09:36:22.3380979Z","@version":"1","message":"Schema \"public\" is up to date. No migration necessary.","logger_name":"org.flywaydb.core.internal.command.DbMigrate","thread_name":"restartedMain","level":"INFO","level_value":20000,"application":"saas-api","environment":"dev"}
{"@timestamp":"2025-04-10T09:36:25.1903025Z","@version":"1","message":"Filter 'jwtAuthenticationFilter' configured for use","logger_name":"com.devolution.saas.core.security.infrastructure.filter.JwtAuthenticationFilter","thread_name":"restartedMain","level":"DEBUG","level_value":10000,"application":"saas-api","environment":"dev"}
{"@timestamp":"2025-04-10T09:36:25.1903025Z","@version":"1","message":"Filter 'rateLimitFilter' configured for use","logger_name":"com.devolution.saas.common.filter.RateLimitFilter","thread_name":"restartedMain","level":"DEBUG","level_value":10000,"application":"saas-api","environment":"dev"}
{"@timestamp":"2025-04-10T09:36:25.1913958Z","@version":"1","message":"Filter 'requestLoggingFilter' configured for use","logger_name":"com.devolution.saas.common.filter.RequestLoggingFilter","thread_name":"restartedMain","level":"DEBUG","level_value":10000,"application":"saas-api","environment":"dev"}
{"@timestamp":"2025-04-10T09:36:25.1913958Z","@version":"1","message":"Filter 'apiKeyAuthenticationFilter' configured for use","logger_name":"com.devolution.saas.core.security.infrastructure.filter.ApiKeyAuthenticationFilter","thread_name":"restartedMain","level":"DEBUG","level_value":10000,"application":"saas-api","environment":"dev"}
{"@timestamp":"2025-04-10T09:36:26.7453237Z","@version":"1","message":"Initialisation des données désactivée temporairement","logger_name":"com.devolution.saas.core.security.infrastructure.config.InitialDataLoader","thread_name":"restartedMain","level":"INFO","level_value":20000,"application":"saas-api","environment":"dev"}
{"@timestamp":"2025-04-10T09:36:26.822434Z","@version":"1","message":"HikariPool-6 - Shutdown initiated...","logger_name":"com.zaxxer.hikari.HikariDataSource","thread_name":"restartedMain","level":"INFO","level_value":20000,"application":"saas-api","environment":"dev"}
{"@timestamp":"2025-04-10T09:36:26.8264322Z","@version":"1","message":"HikariPool-6 - Shutdown completed.","logger_name":"com.zaxxer.hikari.HikariDataSource","thread_name":"restartedMain","level":"INFO","level_value":20000,"application":"saas-api","environment":"dev"}
{"@timestamp":"2025-04-10T09:36:26.8279242Z","@version":"1","message":"Stopping service [Tomcat]","logger_name":"org.apache.catalina.core.StandardService","thread_name":"restartedMain","level":"INFO","level_value":20000,"application":"saas-api","environment":"dev"}
