2025-04-10 07:56:04.561 [restartedMain] INFO  com.devolution.saas.SaasApplication - requestId=
                username= organizationId= ip= - Starting SaasApplication using Java 21.0.6 with PID 10664 (E:\project\method\Saas\build\classes\java\main started by cyrkakou in E:\project\method\Saas)
2025-04-10 07:56:04.562 [restartedMain] DEBUG com.devolution.saas.SaasApplication - requestId=
                username= organizationId= ip= - Running with Spring Boot v3.2.3, Spring v6.1.4
2025-04-10 07:56:04.562 [restartedMain] INFO  com.devolution.saas.SaasApplication - requestId=
                username= organizationId= ip= - The following 1 profile is active: "dev"
2025-04-10 07:56:04.610 [restartedMain] INFO  o.s.b.d.e.DevToolsPropertyDefaultsPostProcessor - requestId=
                username= organizationId= ip= - Devtools property defaults active! Set 'spring.devtools.add-properties' to 'false' to disable
2025-04-10 07:56:04.610 [restartedMain] INFO  o.s.b.d.e.DevToolsPropertyDefaultsPostProcessor - requestId=
                username= organizationId= ip= - For additional web related logging consider setting the 'logging.level.web' property to 'DEBUG'
2025-04-10 07:56:04.852 [background-preinit] INFO  o.h.validator.internal.util.Version - requestId=
                username= organizationId= ip= - HV000001: Hibernate Validator 8.0.1.Final
2025-04-10 07:56:06.742 [restartedMain] INFO  o.s.d.r.c.RepositoryConfigurationDelegate - requestId=
                username= organizationId= ip= - Bootstrapping Spring Data JPA repositories in DEFAULT mode.
2025-04-10 07:56:06.842 [restartedMain] INFO  o.s.d.r.c.RepositoryConfigurationDelegate - requestId=
                username= organizationId= ip= - Finished Spring Data repository scanning in 94 ms. Found 8 JPA repository interfaces.
2025-04-10 07:56:08.186 [restartedMain] INFO  o.s.b.w.e.tomcat.TomcatWebServer - requestId=
                username= organizationId= ip= - Tomcat initialized with port 8080 (http)
2025-04-10 07:56:08.201 [restartedMain] INFO  o.a.coyote.http11.Http11NioProtocol - requestId=
                username= organizationId= ip= - Initializing ProtocolHandler ["http-nio-8080"]
2025-04-10 07:56:08.203 [restartedMain] INFO  o.a.catalina.core.StandardService - requestId=
                username= organizationId= ip= - Starting service [Tomcat]
2025-04-10 07:56:08.203 [restartedMain] INFO  o.a.catalina.core.StandardEngine - requestId=
                username= organizationId= ip= - Starting Servlet engine: [Apache Tomcat/10.1.19]
2025-04-10 07:56:08.264 [restartedMain] INFO  o.a.c.c.C.[Tomcat].[localhost].[/] - requestId=
                username= organizationId= ip= - Initializing Spring embedded WebApplicationContext
2025-04-10 07:56:08.265 [restartedMain] INFO  o.s.b.w.s.c.ServletWebServerApplicationContext - requestId=
                username= organizationId= ip= - Root WebApplicationContext: initialization completed in 3654 ms
2025-04-10 07:56:09.108 [restartedMain] INFO  com.zaxxer.hikari.HikariDataSource - requestId=
                username= organizationId= ip= - HikariPool-1 - Starting...
2025-04-10 07:56:09.373 [restartedMain] INFO  com.zaxxer.hikari.pool.HikariPool - requestId=
                username= organizationId= ip= - HikariPool-1 - Added connection org.postgresql.jdbc.PgConnection@2635817f
2025-04-10 07:56:09.375 [restartedMain] INFO  com.zaxxer.hikari.HikariDataSource - requestId=
                username= organizationId= ip= - HikariPool-1 - Start completed.
2025-04-10 07:56:09.410 [restartedMain] INFO  org.flywaydb.core.FlywayExecutor - requestId=
                username= organizationId= ip= - Database: jdbc:postgresql://localhost:5432/saas (PostgreSQL 17.2)
2025-04-10 07:56:09.645 [restartedMain] INFO  o.f.core.internal.command.DbMigrate - requestId=
                username= organizationId= ip= - Current version of schema "public": 10
2025-04-10 07:56:09.646 [restartedMain] WARN  o.f.core.internal.command.DbMigrate - requestId=
                username= organizationId= ip= - outOfOrder mode is active. Migration of schema "public" may not be reproducible.
2025-04-10 07:56:09.650 [restartedMain] INFO  o.f.core.internal.command.DbMigrate - requestId=
                username= organizationId= ip= - Schema "public" is up to date. No migration necessary.
2025-04-10 07:56:09.811 [restartedMain] INFO  o.h.jpa.internal.util.LogHelper - requestId=
                username= organizationId= ip= - HHH000204: Processing PersistenceUnitInfo [name: default]
2025-04-10 07:56:09.891 [restartedMain] INFO  org.hibernate.Version - requestId=
                username= organizationId= ip= - HHH000412: Hibernate ORM core version 6.4.4.Final
2025-04-10 07:56:09.932 [restartedMain] INFO  o.h.c.i.RegionFactoryInitiator - requestId=
                username= organizationId= ip= - HHH000026: Second-level cache disabled
2025-04-10 07:56:10.192 [restartedMain] INFO  o.s.o.j.p.SpringPersistenceUnitInfo - requestId=
                username= organizationId= ip= - No LoadTimeWeaver setup: ignoring JPA class transformer
2025-04-10 07:56:10.255 [restartedMain] WARN  org.hibernate.orm.deprecation - requestId=
                username= organizationId= ip= - HHH90000025: PostgreSQLDialect does not need to be specified explicitly using 'hibernate.dialect' (remove the property setting and it will be selected by default)
2025-04-10 07:56:11.931 [restartedMain] INFO  o.h.e.t.j.p.i.JtaPlatformInitiator - requestId=
                username= organizationId= ip= - HHH000489: No JTA platform available (set 'hibernate.transaction.jta.platform' to enable JTA platform integration)
2025-04-10 07:56:12.049 [restartedMain] INFO  o.s.o.j.LocalContainerEntityManagerFactoryBean - requestId=
                username= organizationId= ip= - Initialized JPA EntityManagerFactory for persistence unit 'default'
2025-04-10 07:56:12.716 [restartedMain] INFO  o.s.d.j.r.query.QueryEnhancerFactory - requestId=
                username= organizationId= ip= - Hibernate is in classpath; If applicable, HQL parser will be used.
2025-04-10 07:56:13.198 [restartedMain] DEBUG c.d.s.c.s.i.f.JwtAuthenticationFilter - requestId=
                username= organizationId= ip= - Filter 'jwtAuthenticationFilter' configured for use
2025-04-10 07:56:13.200 [restartedMain] DEBUG c.d.s.common.filter.RateLimitFilter - requestId=
                username= organizationId= ip= - Filter 'rateLimitFilter' configured for use
2025-04-10 07:56:13.201 [restartedMain] DEBUG c.d.s.c.filter.RequestLoggingFilter - requestId=
                username= organizationId= ip= - Filter 'requestLoggingFilter' configured for use
2025-04-10 07:56:13.201 [restartedMain] DEBUG c.d.s.c.s.i.f.ApiKeyAuthenticationFilter - requestId=
                username= organizationId= ip= - Filter 'apiKeyAuthenticationFilter' configured for use
2025-04-10 07:56:14.221 [restartedMain] INFO  c.d.s.c.s.i.config.InitialDataLoader - requestId=
                username= organizationId= ip= - Initialisation des données désactivée temporairement
2025-04-10 07:56:14.510 [restartedMain] WARN  o.s.b.a.o.j.JpaBaseConfiguration$JpaWebConfiguration - requestId=
                username= organizationId= ip= - spring.jpa.open-in-view is enabled by default. Therefore, database queries may be performed during view rendering. Explicitly configure spring.jpa.open-in-view to disable this warning
2025-04-10 07:56:15.248 [restartedMain] INFO  o.s.b.a.e.web.EndpointLinksResolver - requestId=
                username= organizationId= ip= - Exposing 1 endpoint(s) beneath base path '/actuator'
2025-04-10 07:56:15.395 [restartedMain] INFO  o.s.s.web.DefaultSecurityFilterChain - requestId=
                username= organizationId= ip= - Will secure any request with [org.springframework.security.web.session.DisableEncodeUrlFilter@6812020f, org.springframework.security.web.context.request.async.WebAsyncManagerIntegrationFilter@70131aba, org.springframework.security.web.context.SecurityContextHolderFilter@6db876ca, org.springframework.security.web.header.HeaderWriterFilter@ebad70a, org.springframework.web.filter.CorsFilter@6fdf79c4, org.springframework.security.web.authentication.logout.LogoutFilter@22b7cd9f, com.devolution.saas.common.filter.RequestLoggingFilter@d47d26f, com.devolution.saas.common.filter.RateLimitFilter@6ce1080c, com.devolution.saas.core.security.infrastructure.filter.JwtAuthenticationFilter@288a355, com.devolution.saas.core.security.infrastructure.filter.ApiKeyAuthenticationFilter@7a047922, org.springframework.security.web.savedrequest.RequestCacheAwareFilter@6a9a4cc1, org.springframework.security.web.servletapi.SecurityContextHolderAwareRequestFilter@2a9b5215, org.springframework.security.web.authentication.AnonymousAuthenticationFilter@1501d2c9, org.springframework.security.web.session.SessionManagementFilter@4f88e95f, org.springframework.security.web.access.ExceptionTranslationFilter@2835adad, org.springframework.security.web.access.intercept.AuthorizationFilter@42d1c08e]
2025-04-10 07:56:16.390 [restartedMain] INFO  o.s.b.d.a.OptionalLiveReloadServer - requestId=
                username= organizationId= ip= - LiveReload server is running on port 35729
2025-04-10 07:56:16.465 [restartedMain] INFO  o.a.coyote.http11.Http11NioProtocol - requestId=
                username= organizationId= ip= - Starting ProtocolHandler ["http-nio-8080"]
2025-04-10 07:56:16.481 [restartedMain] INFO  o.s.b.w.e.tomcat.TomcatWebServer - requestId=
                username= organizationId= ip= - Tomcat started on port 8080 (http) with context path ''
2025-04-10 07:56:16.498 [restartedMain] INFO  com.devolution.saas.SaasApplication - requestId=
                username= organizationId= ip= - Started SaasApplication in 12.685 seconds (process running for 15.365)
2025-04-10 07:56:16.503 [scheduling-1] DEBUG c.d.s.common.config.RateLimitConfig - requestId=
                username= organizationId= ip= - Exécution de la tâche planifiée de nettoyage des buckets de rate limiting
2025-04-10 07:56:16.503 [scheduling-1] DEBUG c.d.s.c.service.RateLimitService - requestId=
                username= organizationId= ip= - Nettoyage des buckets de rate limiting
2025-04-10 07:56:17.164 [RMI TCP Connection(2)-192.168.88.246] INFO  o.a.c.c.C.[Tomcat].[localhost].[/] - requestId=
                username= organizationId= ip= - Initializing Spring DispatcherServlet 'dispatcherServlet'
2025-04-10 07:56:17.164 [RMI TCP Connection(2)-192.168.88.246] INFO  o.s.web.servlet.DispatcherServlet - requestId=
                username= organizationId= ip= - Initializing Servlet 'dispatcherServlet'
2025-04-10 07:56:17.172 [RMI TCP Connection(2)-192.168.88.246] INFO  o.s.web.servlet.DispatcherServlet - requestId=
                username= organizationId= ip= - Completed initialization in 8 ms
2025-04-10 08:33:41.749 [File Watcher] INFO  o.s.b.d.a.LocalDevToolsAutoConfiguration$RestartingClassPathChangeChangedEventListener - requestId=
                username= organizationId= ip= - Restarting due to 15 class path changes (0 additions, 9 deletions, 6 modifications)
2025-04-10 08:33:41.754 [Thread-10] INFO  o.a.coyote.http11.Http11NioProtocol - requestId=
                username= organizationId= ip= - Stopping ProtocolHandler ["http-nio-8080"]
2025-04-10 08:33:41.765 [Thread-10] INFO  o.s.o.j.LocalContainerEntityManagerFactoryBean - requestId=
                username= organizationId= ip= - Closing JPA EntityManagerFactory for persistence unit 'default'
2025-04-10 08:33:41.768 [Thread-10] INFO  com.zaxxer.hikari.HikariDataSource - requestId=
                username= organizationId= ip= - HikariPool-1 - Shutdown initiated...
2025-04-10 08:33:41.770 [Thread-10] INFO  com.zaxxer.hikari.HikariDataSource - requestId=
                username= organizationId= ip= - HikariPool-1 - Shutdown completed.
2025-04-10 08:33:41.952 [restartedMain] INFO  com.devolution.saas.SaasApplication - requestId=
                username= organizationId= ip= - Starting SaasApplication using Java 21.0.6 with PID 10664 (E:\project\method\Saas\build\classes\java\main started by cyrkakou in E:\project\method\Saas)
2025-04-10 08:33:41.952 [restartedMain] DEBUG com.devolution.saas.SaasApplication - requestId=
                username= organizationId= ip= - Running with Spring Boot v3.2.3, Spring v6.1.4
2025-04-10 08:33:41.952 [restartedMain] INFO  com.devolution.saas.SaasApplication - requestId=
                username= organizationId= ip= - The following 1 profile is active: "dev"
2025-04-10 08:33:42.420 [restartedMain] INFO  o.s.d.r.c.RepositoryConfigurationDelegate - requestId=
                username= organizationId= ip= - Bootstrapping Spring Data JPA repositories in DEFAULT mode.
2025-04-10 08:33:42.468 [restartedMain] INFO  o.s.d.r.c.RepositoryConfigurationDelegate - requestId=
                username= organizationId= ip= - Finished Spring Data repository scanning in 48 ms. Found 8 JPA repository interfaces.
2025-04-10 08:33:42.846 [restartedMain] INFO  o.s.b.w.e.tomcat.TomcatWebServer - requestId=
                username= organizationId= ip= - Tomcat initialized with port 8080 (http)
2025-04-10 08:33:42.848 [restartedMain] INFO  o.a.coyote.http11.Http11NioProtocol - requestId=
                username= organizationId= ip= - Initializing ProtocolHandler ["http-nio-8080"]
2025-04-10 08:33:42.848 [restartedMain] INFO  o.a.catalina.core.StandardService - requestId=
                username= organizationId= ip= - Starting service [Tomcat]
2025-04-10 08:33:42.848 [restartedMain] INFO  o.a.catalina.core.StandardEngine - requestId=
                username= organizationId= ip= - Starting Servlet engine: [Apache Tomcat/10.1.19]
2025-04-10 08:33:42.867 [restartedMain] INFO  o.a.c.c.C.[Tomcat].[localhost].[/] - requestId=
                username= organizationId= ip= - Initializing Spring embedded WebApplicationContext
2025-04-10 08:33:42.867 [restartedMain] INFO  o.s.b.w.s.c.ServletWebServerApplicationContext - requestId=
                username= organizationId= ip= - Root WebApplicationContext: initialization completed in 909 ms
2025-04-10 08:33:43.100 [restartedMain] INFO  com.zaxxer.hikari.HikariDataSource - requestId=
                username= organizationId= ip= - HikariPool-2 - Starting...
2025-04-10 08:33:43.254 [restartedMain] INFO  com.zaxxer.hikari.pool.HikariPool - requestId=
                username= organizationId= ip= - HikariPool-2 - Added connection org.postgresql.jdbc.PgConnection@70824ced
2025-04-10 08:33:43.255 [restartedMain] INFO  com.zaxxer.hikari.HikariDataSource - requestId=
                username= organizationId= ip= - HikariPool-2 - Start completed.
2025-04-10 08:33:43.256 [restartedMain] INFO  org.flywaydb.core.FlywayExecutor - requestId=
                username= organizationId= ip= - Database: jdbc:postgresql://localhost:5432/saas (PostgreSQL 17.2)
2025-04-10 08:33:43.266 [restartedMain] INFO  o.f.c.i.s.JdbcTableSchemaHistory - requestId=
                username= organizationId= ip= - Creating Schema History table "public"."flyway_schema_history" with baseline ...
2025-04-10 08:33:43.327 [restartedMain] INFO  o.f.core.internal.command.DbBaseline - requestId=
                username= organizationId= ip= - Successfully baselined schema with version: 1
2025-04-10 08:33:43.379 [restartedMain] INFO  o.f.core.internal.command.DbMigrate - requestId=
                username= organizationId= ip= - Current version of schema "public": 1
2025-04-10 08:33:43.379 [restartedMain] WARN  o.f.core.internal.command.DbMigrate - requestId=
                username= organizationId= ip= - outOfOrder mode is active. Migration of schema "public" may not be reproducible.
2025-04-10 08:33:43.379 [restartedMain] INFO  o.f.core.internal.command.DbMigrate - requestId=
                username= organizationId= ip= - Schema "public" is up to date. No migration necessary.
2025-04-10 08:33:43.441 [restartedMain] INFO  o.h.jpa.internal.util.LogHelper - requestId=
                username= organizationId= ip= - HHH000204: Processing PersistenceUnitInfo [name: default]
2025-04-10 08:33:43.444 [restartedMain] INFO  o.h.c.i.RegionFactoryInitiator - requestId=
                username= organizationId= ip= - HHH000026: Second-level cache disabled
2025-04-10 08:33:43.448 [restartedMain] INFO  o.s.o.j.p.SpringPersistenceUnitInfo - requestId=
                username= organizationId= ip= - No LoadTimeWeaver setup: ignoring JPA class transformer
2025-04-10 08:33:43.456 [restartedMain] WARN  org.hibernate.orm.deprecation - requestId=
                username= organizationId= ip= - HHH90000025: PostgreSQLDialect does not need to be specified explicitly using 'hibernate.dialect' (remove the property setting and it will be selected by default)
2025-04-10 08:33:43.767 [restartedMain] INFO  o.h.e.t.j.p.i.JtaPlatformInitiator - requestId=
                username= organizationId= ip= - HHH000489: No JTA platform available (set 'hibernate.transaction.jta.platform' to enable JTA platform integration)
2025-04-10 08:33:43.787 [restartedMain] INFO  o.s.o.j.LocalContainerEntityManagerFactoryBean - requestId=
                username= organizationId= ip= - Initialized JPA EntityManagerFactory for persistence unit 'default'
2025-04-10 08:33:44.290 [restartedMain] DEBUG c.d.s.c.s.i.f.JwtAuthenticationFilter - requestId=
                username= organizationId= ip= - Filter 'jwtAuthenticationFilter' configured for use
2025-04-10 08:33:44.291 [restartedMain] DEBUG c.d.s.common.filter.RateLimitFilter - requestId=
                username= organizationId= ip= - Filter 'rateLimitFilter' configured for use
2025-04-10 08:33:44.291 [restartedMain] DEBUG c.d.s.c.filter.RequestLoggingFilter - requestId=
                username= organizationId= ip= - Filter 'requestLoggingFilter' configured for use
2025-04-10 08:33:44.291 [restartedMain] DEBUG c.d.s.c.s.i.f.ApiKeyAuthenticationFilter - requestId=
                username= organizationId= ip= - Filter 'apiKeyAuthenticationFilter' configured for use
2025-04-10 08:33:44.902 [restartedMain] INFO  c.d.s.c.s.i.config.InitialDataLoader - requestId=
                username= organizationId= ip= - Initialisation des données désactivée temporairement
2025-04-10 08:33:45.142 [restartedMain] WARN  o.s.b.a.o.j.JpaBaseConfiguration$JpaWebConfiguration - requestId=
                username= organizationId= ip= - spring.jpa.open-in-view is enabled by default. Therefore, database queries may be performed during view rendering. Explicitly configure spring.jpa.open-in-view to disable this warning
2025-04-10 08:33:45.509 [restartedMain] INFO  o.s.b.a.e.web.EndpointLinksResolver - requestId=
                username= organizationId= ip= - Exposing 1 endpoint(s) beneath base path '/actuator'
2025-04-10 08:33:45.631 [restartedMain] INFO  o.s.s.web.DefaultSecurityFilterChain - requestId=
                username= organizationId= ip= - Will secure any request with [org.springframework.security.web.session.DisableEncodeUrlFilter@15476661, org.springframework.security.web.context.request.async.WebAsyncManagerIntegrationFilter@19c0b6c, org.springframework.security.web.context.SecurityContextHolderFilter@1e7f7307, org.springframework.security.web.header.HeaderWriterFilter@474c55ba, org.springframework.web.filter.CorsFilter@5910ca5a, org.springframework.security.web.authentication.logout.LogoutFilter@5d2be45a, com.devolution.saas.common.filter.RequestLoggingFilter@100e253e, com.devolution.saas.common.filter.RateLimitFilter@76fc15b0, com.devolution.saas.core.security.infrastructure.filter.JwtAuthenticationFilter@7e64b422, com.devolution.saas.core.security.infrastructure.filter.ApiKeyAuthenticationFilter@6f647484, org.springframework.security.web.savedrequest.RequestCacheAwareFilter@18ae8091, org.springframework.security.web.servletapi.SecurityContextHolderAwareRequestFilter@9a03785, org.springframework.security.web.authentication.AnonymousAuthenticationFilter@51564f9e, org.springframework.security.web.session.SessionManagementFilter@1270d84d, org.springframework.security.web.access.ExceptionTranslationFilter@34502cab, org.springframework.security.web.access.intercept.AuthorizationFilter@a4c3213]
2025-04-10 08:33:46.385 [restartedMain] INFO  o.s.b.d.a.OptionalLiveReloadServer - requestId=
                username= organizationId= ip= - LiveReload server is running on port 35729
2025-04-10 08:33:46.414 [restartedMain] INFO  o.a.coyote.http11.Http11NioProtocol - requestId=
                username= organizationId= ip= - Starting ProtocolHandler ["http-nio-8080"]
2025-04-10 08:33:46.418 [restartedMain] INFO  o.s.b.w.e.tomcat.TomcatWebServer - requestId=
                username= organizationId= ip= - Tomcat started on port 8080 (http) with context path ''
2025-04-10 08:33:46.426 [scheduling-1] DEBUG c.d.s.common.config.RateLimitConfig - requestId=
                username= organizationId= ip= - Exécution de la tâche planifiée de nettoyage des buckets de rate limiting
2025-04-10 08:33:46.426 [scheduling-1] DEBUG c.d.s.c.service.RateLimitService - requestId=
                username= organizationId= ip= - Nettoyage des buckets de rate limiting
2025-04-10 08:33:46.427 [restartedMain] INFO  com.devolution.saas.SaasApplication - requestId=
                username= organizationId= ip= - Started SaasApplication in 4.551 seconds (process running for 2265.294)
2025-04-10 08:33:46.429 [restartedMain] INFO  o.s.b.d.a.ConditionEvaluationDeltaLoggingListener - requestId=
                username= organizationId= ip= - Condition evaluation unchanged
2025-04-10 09:33:46.402 [scheduling-1] DEBUG c.d.s.common.config.RateLimitConfig - requestId=
                username= organizationId= ip= - Exécution de la tâche planifiée de nettoyage des buckets de rate limiting
2025-04-10 09:33:46.402 [scheduling-1] DEBUG c.d.s.c.service.RateLimitService - requestId=
                username= organizationId= ip= - Nettoyage des buckets de rate limiting
2025-04-10 09:34:26.258 [File Watcher] INFO  o.s.b.d.a.LocalDevToolsAutoConfiguration$RestartingClassPathChangeChangedEventListener - requestId=
                username= organizationId= ip= - Restarting due to 1 class path change (0 additions, 1 deletion, 0 modifications)
2025-04-10 09:34:26.262 [Thread-12] INFO  o.a.coyote.http11.Http11NioProtocol - requestId=
                username= organizationId= ip= - Stopping ProtocolHandler ["http-nio-8080"]
2025-04-10 09:34:26.271 [Thread-12] INFO  o.s.o.j.LocalContainerEntityManagerFactoryBean - requestId=
                username= organizationId= ip= - Closing JPA EntityManagerFactory for persistence unit 'default'
2025-04-10 09:34:26.273 [Thread-12] INFO  com.zaxxer.hikari.HikariDataSource - requestId=
                username= organizationId= ip= - HikariPool-2 - Shutdown initiated...
2025-04-10 09:34:26.275 [Thread-12] INFO  com.zaxxer.hikari.HikariDataSource - requestId=
                username= organizationId= ip= - HikariPool-2 - Shutdown completed.
2025-04-10 09:34:27.009 [restartedMain] INFO  com.devolution.saas.SaasApplication - requestId=
                username= organizationId= ip= - Starting SaasApplication using Java 21.0.6 with PID 10664 (E:\project\method\Saas\build\classes\java\main started by cyrkakou in E:\project\method\Saas)
2025-04-10 09:34:27.010 [restartedMain] DEBUG com.devolution.saas.SaasApplication - requestId=
                username= organizationId= ip= - Running with Spring Boot v3.2.3, Spring v6.1.4
2025-04-10 09:34:27.010 [restartedMain] INFO  com.devolution.saas.SaasApplication - requestId=
                username= organizationId= ip= - The following 1 profile is active: "dev"
2025-04-10 09:34:30.729 [restartedMain] INFO  o.s.d.r.c.RepositoryConfigurationDelegate - requestId=
                username= organizationId= ip= - Bootstrapping Spring Data JPA repositories in DEFAULT mode.
2025-04-10 09:34:31.004 [restartedMain] INFO  o.s.d.r.c.RepositoryConfigurationDelegate - requestId=
                username= organizationId= ip= - Finished Spring Data repository scanning in 274 ms. Found 8 JPA repository interfaces.
2025-04-10 09:34:32.598 [restartedMain] INFO  o.s.b.w.e.tomcat.TomcatWebServer - requestId=
                username= organizationId= ip= - Tomcat initialized with port 8080 (http)
2025-04-10 09:34:32.601 [restartedMain] INFO  o.a.coyote.http11.Http11NioProtocol - requestId=
                username= organizationId= ip= - Initializing ProtocolHandler ["http-nio-8080"]
2025-04-10 09:34:32.602 [restartedMain] INFO  o.a.catalina.core.StandardService - requestId=
                username= organizationId= ip= - Starting service [Tomcat]
2025-04-10 09:34:32.602 [restartedMain] INFO  o.a.catalina.core.StandardEngine - requestId=
                username= organizationId= ip= - Starting Servlet engine: [Apache Tomcat/10.1.19]
2025-04-10 09:34:32.660 [restartedMain] INFO  o.a.c.c.C.[Tomcat].[localhost].[/] - requestId=
                username= organizationId= ip= - Initializing Spring embedded WebApplicationContext
2025-04-10 09:34:32.660 [restartedMain] INFO  o.s.b.w.s.c.ServletWebServerApplicationContext - requestId=
                username= organizationId= ip= - Root WebApplicationContext: initialization completed in 5626 ms
2025-04-10 09:34:33.227 [restartedMain] INFO  com.zaxxer.hikari.HikariDataSource - requestId=
                username= organizationId= ip= - HikariPool-3 - Starting...
2025-04-10 09:34:33.415 [restartedMain] INFO  com.zaxxer.hikari.pool.HikariPool - requestId=
                username= organizationId= ip= - HikariPool-3 - Added connection org.postgresql.jdbc.PgConnection@3a406daa
2025-04-10 09:34:33.416 [restartedMain] INFO  com.zaxxer.hikari.HikariDataSource - requestId=
                username= organizationId= ip= - HikariPool-3 - Start completed.
2025-04-10 09:34:33.418 [restartedMain] INFO  org.flywaydb.core.FlywayExecutor - requestId=
                username= organizationId= ip= - Database: jdbc:postgresql://localhost:5432/saas (PostgreSQL 17.2)
2025-04-10 09:34:33.552 [restartedMain] INFO  o.f.core.internal.command.DbMigrate - requestId=
                username= organizationId= ip= - Current version of schema "public": 1
2025-04-10 09:34:33.552 [restartedMain] WARN  o.f.core.internal.command.DbMigrate - requestId=
                username= organizationId= ip= - outOfOrder mode is active. Migration of schema "public" may not be reproducible.
2025-04-10 09:34:33.553 [restartedMain] INFO  o.f.core.internal.command.DbMigrate - requestId=
                username= organizationId= ip= - Schema "public" is up to date. No migration necessary.
2025-04-10 09:34:33.744 [restartedMain] INFO  o.h.jpa.internal.util.LogHelper - requestId=
                username= organizationId= ip= - HHH000204: Processing PersistenceUnitInfo [name: default]
2025-04-10 09:34:33.753 [restartedMain] INFO  o.h.c.i.RegionFactoryInitiator - requestId=
                username= organizationId= ip= - HHH000026: Second-level cache disabled
2025-04-10 09:34:33.763 [restartedMain] INFO  o.s.o.j.p.SpringPersistenceUnitInfo - requestId=
                username= organizationId= ip= - No LoadTimeWeaver setup: ignoring JPA class transformer
2025-04-10 09:34:33.781 [restartedMain] WARN  org.hibernate.orm.deprecation - requestId=
                username= organizationId= ip= - HHH90000025: PostgreSQLDialect does not need to be specified explicitly using 'hibernate.dialect' (remove the property setting and it will be selected by default)
2025-04-10 09:34:34.344 [restartedMain] INFO  o.h.e.t.j.p.i.JtaPlatformInitiator - requestId=
                username= organizationId= ip= - HHH000489: No JTA platform available (set 'hibernate.transaction.jta.platform' to enable JTA platform integration)
2025-04-10 09:34:34.386 [restartedMain] INFO  o.s.o.j.LocalContainerEntityManagerFactoryBean - requestId=
                username= organizationId= ip= - Initialized JPA EntityManagerFactory for persistence unit 'default'
2025-04-10 09:34:35.306 [restartedMain] DEBUG c.d.s.c.s.i.f.JwtAuthenticationFilter - requestId=
                username= organizationId= ip= - Filter 'jwtAuthenticationFilter' configured for use
2025-04-10 09:34:35.307 [restartedMain] DEBUG c.d.s.common.filter.RateLimitFilter - requestId=
                username= organizationId= ip= - Filter 'rateLimitFilter' configured for use
2025-04-10 09:34:35.307 [restartedMain] DEBUG c.d.s.c.filter.RequestLoggingFilter - requestId=
                username= organizationId= ip= - Filter 'requestLoggingFilter' configured for use
2025-04-10 09:34:35.308 [restartedMain] DEBUG c.d.s.c.s.i.f.ApiKeyAuthenticationFilter - requestId=
                username= organizationId= ip= - Filter 'apiKeyAuthenticationFilter' configured for use
2025-04-10 09:34:36.492 [restartedMain] INFO  c.d.s.c.s.i.config.InitialDataLoader - requestId=
                username= organizationId= ip= - Initialisation des données désactivée temporairement
2025-04-10 09:34:36.582 [restartedMain] WARN  o.s.b.w.s.c.AnnotationConfigServletWebServerApplicationContext - requestId=
                username= organizationId= ip= - Exception encountered during context initialization - cancelling refresh attempt: org.springframework.beans.factory.UnsatisfiedDependencyException: Error creating bean with name 'referenceDataController' defined in file [E:\project\method\Saas\build\classes\java\main\com\devolution\saas\insurance\nonlife\auto\reference\api\ReferenceDataController.class]: Unsatisfied dependency expressed through constructor parameter 0: No qualifying bean of type 'com.devolution.saas.insurance.nonlife.auto.reference.application.service.ReferenceDataService' available: expected at least 1 bean which qualifies as autowire candidate. Dependency annotations: {}
2025-04-10 09:34:36.584 [restartedMain] INFO  o.s.o.j.LocalContainerEntityManagerFactoryBean - requestId=
                username= organizationId= ip= - Closing JPA EntityManagerFactory for persistence unit 'default'
2025-04-10 09:34:36.584 [restartedMain] INFO  com.zaxxer.hikari.HikariDataSource - requestId=
                username= organizationId= ip= - HikariPool-3 - Shutdown initiated...
2025-04-10 09:34:36.586 [restartedMain] INFO  com.zaxxer.hikari.HikariDataSource - requestId=
                username= organizationId= ip= - HikariPool-3 - Shutdown completed.
2025-04-10 09:34:36.587 [restartedMain] INFO  o.a.catalina.core.StandardService - requestId=
                username= organizationId= ip= - Stopping service [Tomcat]
2025-04-10 09:34:36.597 [restartedMain] INFO  o.s.b.a.l.ConditionEvaluationReportLogger - requestId=
                username= organizationId= ip= - 

Error starting ApplicationContext. To display the condition evaluation report re-run your application with 'debug' enabled.
2025-04-10 09:34:36.631 [restartedMain] ERROR o.s.b.d.LoggingFailureAnalysisReporter - requestId=
                username= organizationId= ip= - 

***************************
APPLICATION FAILED TO START
***************************

Description:

Parameter 0 of constructor in com.devolution.saas.insurance.nonlife.auto.reference.api.ReferenceDataController required a bean of type 'com.devolution.saas.insurance.nonlife.auto.reference.application.service.ReferenceDataService' that could not be found.


Action:

Consider defining a bean of type 'com.devolution.saas.insurance.nonlife.auto.reference.application.service.ReferenceDataService' in your configuration.

2025-04-10 09:34:38.172 [restartedMain] INFO  com.devolution.saas.SaasApplication - requestId=
                username= organizationId= ip= - Starting SaasApplication using Java 21.0.6 with PID 10664 (E:\project\method\Saas\build\classes\java\main started by cyrkakou in E:\project\method\Saas)
2025-04-10 09:34:38.173 [restartedMain] DEBUG com.devolution.saas.SaasApplication - requestId=
                username= organizationId= ip= - Running with Spring Boot v3.2.3, Spring v6.1.4
2025-04-10 09:34:38.173 [restartedMain] INFO  com.devolution.saas.SaasApplication - requestId=
                username= organizationId= ip= - The following 1 profile is active: "dev"
2025-04-10 09:34:38.538 [restartedMain] INFO  o.s.d.r.c.RepositoryConfigurationDelegate - requestId=
                username= organizationId= ip= - Bootstrapping Spring Data JPA repositories in DEFAULT mode.
2025-04-10 09:34:38.565 [restartedMain] INFO  o.s.d.r.c.RepositoryConfigurationDelegate - requestId=
                username= organizationId= ip= - Finished Spring Data repository scanning in 27 ms. Found 8 JPA repository interfaces.
2025-04-10 09:34:38.780 [restartedMain] INFO  o.s.b.w.e.tomcat.TomcatWebServer - requestId=
                username= organizationId= ip= - Tomcat initialized with port 8080 (http)
2025-04-10 09:34:38.781 [restartedMain] INFO  o.a.coyote.http11.Http11NioProtocol - requestId=
                username= organizationId= ip= - Initializing ProtocolHandler ["http-nio-8080"]
2025-04-10 09:34:38.781 [restartedMain] INFO  o.a.catalina.core.StandardService - requestId=
                username= organizationId= ip= - Starting service [Tomcat]
2025-04-10 09:34:38.781 [restartedMain] INFO  o.a.catalina.core.StandardEngine - requestId=
                username= organizationId= ip= - Starting Servlet engine: [Apache Tomcat/10.1.19]
2025-04-10 09:34:38.796 [restartedMain] INFO  o.a.c.c.C.[Tomcat-1].[localhost].[/] - requestId=
                username= organizationId= ip= - Initializing Spring embedded WebApplicationContext
2025-04-10 09:34:38.796 [restartedMain] INFO  o.s.b.w.s.c.ServletWebServerApplicationContext - requestId=
                username= organizationId= ip= - Root WebApplicationContext: initialization completed in 621 ms
2025-04-10 09:34:39.014 [restartedMain] INFO  com.zaxxer.hikari.HikariDataSource - requestId=
                username= organizationId= ip= - HikariPool-4 - Starting...
2025-04-10 09:34:39.057 [restartedMain] INFO  com.zaxxer.hikari.pool.HikariPool - requestId=
                username= organizationId= ip= - HikariPool-4 - Added connection org.postgresql.jdbc.PgConnection@5ddbc7f8
2025-04-10 09:34:39.057 [restartedMain] INFO  com.zaxxer.hikari.HikariDataSource - requestId=
                username= organizationId= ip= - HikariPool-4 - Start completed.
2025-04-10 09:34:39.058 [restartedMain] INFO  org.flywaydb.core.FlywayExecutor - requestId=
                username= organizationId= ip= - Database: jdbc:postgresql://localhost:5432/saas (PostgreSQL 17.2)
2025-04-10 09:34:39.208 [restartedMain] INFO  o.f.core.internal.command.DbMigrate - requestId=
                username= organizationId= ip= - Current version of schema "public": 1
2025-04-10 09:34:39.208 [restartedMain] WARN  o.f.core.internal.command.DbMigrate - requestId=
                username= organizationId= ip= - outOfOrder mode is active. Migration of schema "public" may not be reproducible.
2025-04-10 09:34:39.208 [restartedMain] INFO  o.f.core.internal.command.DbMigrate - requestId=
                username= organizationId= ip= - Schema "public" is up to date. No migration necessary.
2025-04-10 09:34:39.274 [restartedMain] INFO  o.h.jpa.internal.util.LogHelper - requestId=
                username= organizationId= ip= - HHH000204: Processing PersistenceUnitInfo [name: default]
2025-04-10 09:34:39.275 [restartedMain] INFO  o.h.c.i.RegionFactoryInitiator - requestId=
                username= organizationId= ip= - HHH000026: Second-level cache disabled
2025-04-10 09:34:39.288 [restartedMain] INFO  o.s.o.j.p.SpringPersistenceUnitInfo - requestId=
                username= organizationId= ip= - No LoadTimeWeaver setup: ignoring JPA class transformer
2025-04-10 09:34:39.302 [restartedMain] WARN  org.hibernate.orm.deprecation - requestId=
                username= organizationId= ip= - HHH90000025: PostgreSQLDialect does not need to be specified explicitly using 'hibernate.dialect' (remove the property setting and it will be selected by default)
2025-04-10 09:34:39.548 [restartedMain] INFO  o.h.e.t.j.p.i.JtaPlatformInitiator - requestId=
                username= organizationId= ip= - HHH000489: No JTA platform available (set 'hibernate.transaction.jta.platform' to enable JTA platform integration)
2025-04-10 09:34:39.563 [restartedMain] INFO  o.s.o.j.LocalContainerEntityManagerFactoryBean - requestId=
                username= organizationId= ip= - Initialized JPA EntityManagerFactory for persistence unit 'default'
2025-04-10 09:34:40.046 [restartedMain] DEBUG c.d.s.c.s.i.f.JwtAuthenticationFilter - requestId=
                username= organizationId= ip= - Filter 'jwtAuthenticationFilter' configured for use
2025-04-10 09:34:40.046 [restartedMain] DEBUG c.d.s.common.filter.RateLimitFilter - requestId=
                username= organizationId= ip= - Filter 'rateLimitFilter' configured for use
2025-04-10 09:34:40.046 [restartedMain] DEBUG c.d.s.c.filter.RequestLoggingFilter - requestId=
                username= organizationId= ip= - Filter 'requestLoggingFilter' configured for use
2025-04-10 09:34:40.046 [restartedMain] DEBUG c.d.s.c.s.i.f.ApiKeyAuthenticationFilter - requestId=
                username= organizationId= ip= - Filter 'apiKeyAuthenticationFilter' configured for use
2025-04-10 09:34:41.242 [restartedMain] INFO  c.d.s.c.s.i.config.InitialDataLoader - requestId=
                username= organizationId= ip= - Initialisation des données désactivée temporairement
2025-04-10 09:34:41.586 [restartedMain] WARN  o.s.b.a.o.j.JpaBaseConfiguration$JpaWebConfiguration - requestId=
                username= organizationId= ip= - spring.jpa.open-in-view is enabled by default. Therefore, database queries may be performed during view rendering. Explicitly configure spring.jpa.open-in-view to disable this warning
2025-04-10 09:34:42.212 [restartedMain] INFO  o.s.b.a.e.web.EndpointLinksResolver - requestId=
                username= organizationId= ip= - Exposing 1 endpoint(s) beneath base path '/actuator'
2025-04-10 09:34:42.340 [restartedMain] INFO  o.s.s.web.DefaultSecurityFilterChain - requestId=
                username= organizationId= ip= - Will secure any request with [org.springframework.security.web.session.DisableEncodeUrlFilter@51d2aa8f, org.springframework.security.web.context.request.async.WebAsyncManagerIntegrationFilter@74328a35, org.springframework.security.web.context.SecurityContextHolderFilter@591451c4, org.springframework.security.web.header.HeaderWriterFilter@30e498c0, org.springframework.web.filter.CorsFilter@204857c1, org.springframework.security.web.authentication.logout.LogoutFilter@528707f, com.devolution.saas.common.filter.RequestLoggingFilter@62ec9345, com.devolution.saas.common.filter.RateLimitFilter@5f55c806, com.devolution.saas.core.security.infrastructure.filter.JwtAuthenticationFilter@69e6e68c, com.devolution.saas.core.security.infrastructure.filter.ApiKeyAuthenticationFilter@37ea878d, org.springframework.security.web.savedrequest.RequestCacheAwareFilter@29c4985, org.springframework.security.web.servletapi.SecurityContextHolderAwareRequestFilter@379c7148, org.springframework.security.web.authentication.AnonymousAuthenticationFilter@1bd96486, org.springframework.security.web.session.SessionManagementFilter@76a1e32b, org.springframework.security.web.access.ExceptionTranslationFilter@5d42ea8f, org.springframework.security.web.access.intercept.AuthorizationFilter@5a14bd29]
2025-04-10 09:34:45.168 [restartedMain] INFO  o.s.b.d.a.OptionalLiveReloadServer - requestId=
                username= organizationId= ip= - LiveReload server is running on port 35729
2025-04-10 09:34:45.342 [restartedMain] INFO  o.a.coyote.http11.Http11NioProtocol - requestId=
                username= organizationId= ip= - Starting ProtocolHandler ["http-nio-8080"]
2025-04-10 09:34:45.348 [restartedMain] INFO  o.s.b.w.e.tomcat.TomcatWebServer - requestId=
                username= organizationId= ip= - Tomcat started on port 8080 (http) with context path ''
2025-04-10 09:34:45.366 [scheduling-1] DEBUG c.d.s.common.config.RateLimitConfig - requestId=
                username= organizationId= ip= - Exécution de la tâche planifiée de nettoyage des buckets de rate limiting
2025-04-10 09:34:45.367 [scheduling-1] DEBUG c.d.s.c.service.RateLimitService - requestId=
                username= organizationId= ip= - Nettoyage des buckets de rate limiting
2025-04-10 09:34:45.369 [restartedMain] INFO  com.devolution.saas.SaasApplication - requestId=
                username= organizationId= ip= - Started SaasApplication in 7.237 seconds (process running for 5924.269)
2025-04-10 09:34:45.386 [restartedMain] INFO  o.s.b.d.a.ConditionEvaluationDeltaLoggingListener - requestId=
                username= organizationId= ip= - Condition evaluation unchanged
2025-04-10 09:34:52.045 [File Watcher] INFO  o.s.b.d.a.LocalDevToolsAutoConfiguration$RestartingClassPathChangeChangedEventListener - requestId=
                username= organizationId= ip= - Restarting due to 1 class path change (0 additions, 1 deletion, 0 modifications)
2025-04-10 09:34:52.120 [Thread-21] INFO  o.a.coyote.http11.Http11NioProtocol - requestId=
                username= organizationId= ip= - Stopping ProtocolHandler ["http-nio-8080"]
2025-04-10 09:34:52.143 [Thread-21] INFO  o.s.o.j.LocalContainerEntityManagerFactoryBean - requestId=
                username= organizationId= ip= - Closing JPA EntityManagerFactory for persistence unit 'default'
2025-04-10 09:34:52.145 [Thread-21] INFO  com.zaxxer.hikari.HikariDataSource - requestId=
                username= organizationId= ip= - HikariPool-4 - Shutdown initiated...
2025-04-10 09:34:52.193 [Thread-21] INFO  com.zaxxer.hikari.HikariDataSource - requestId=
                username= organizationId= ip= - HikariPool-4 - Shutdown completed.
2025-04-10 09:34:52.705 [restartedMain] INFO  com.devolution.saas.SaasApplication - requestId=
                username= organizationId= ip= - Starting SaasApplication using Java 21.0.6 with PID 10664 (E:\project\method\Saas\build\classes\java\main started by cyrkakou in E:\project\method\Saas)
2025-04-10 09:34:52.705 [restartedMain] DEBUG com.devolution.saas.SaasApplication - requestId=
                username= organizationId= ip= - Running with Spring Boot v3.2.3, Spring v6.1.4
2025-04-10 09:34:52.705 [restartedMain] INFO  com.devolution.saas.SaasApplication - requestId=
                username= organizationId= ip= - The following 1 profile is active: "dev"
2025-04-10 09:34:54.628 [restartedMain] INFO  o.s.d.r.c.RepositoryConfigurationDelegate - requestId=
                username= organizationId= ip= - Bootstrapping Spring Data JPA repositories in DEFAULT mode.
2025-04-10 09:34:54.749 [restartedMain] INFO  o.s.d.r.c.RepositoryConfigurationDelegate - requestId=
                username= organizationId= ip= - Finished Spring Data repository scanning in 120 ms. Found 8 JPA repository interfaces.
2025-04-10 09:34:56.227 [restartedMain] INFO  o.s.b.w.e.tomcat.TomcatWebServer - requestId=
                username= organizationId= ip= - Tomcat initialized with port 8080 (http)
2025-04-10 09:34:56.228 [restartedMain] INFO  o.a.coyote.http11.Http11NioProtocol - requestId=
                username= organizationId= ip= - Initializing ProtocolHandler ["http-nio-8080"]
2025-04-10 09:34:56.229 [restartedMain] INFO  o.a.catalina.core.StandardService - requestId=
                username= organizationId= ip= - Starting service [Tomcat]
2025-04-10 09:34:56.229 [restartedMain] INFO  o.a.catalina.core.StandardEngine - requestId=
                username= organizationId= ip= - Starting Servlet engine: [Apache Tomcat/10.1.19]
2025-04-10 09:34:56.277 [restartedMain] INFO  o.a.c.c.C.[Tomcat-1].[localhost].[/] - requestId=
                username= organizationId= ip= - Initializing Spring embedded WebApplicationContext
2025-04-10 09:34:56.277 [restartedMain] INFO  o.s.b.w.s.c.ServletWebServerApplicationContext - requestId=
                username= organizationId= ip= - Root WebApplicationContext: initialization completed in 3570 ms
2025-04-10 09:34:57.202 [restartedMain] INFO  com.zaxxer.hikari.HikariDataSource - requestId=
                username= organizationId= ip= - HikariPool-5 - Starting...
2025-04-10 09:34:57.337 [restartedMain] INFO  com.zaxxer.hikari.pool.HikariPool - requestId=
                username= organizationId= ip= - HikariPool-5 - Added connection org.postgresql.jdbc.PgConnection@6697f82
2025-04-10 09:34:57.337 [restartedMain] INFO  com.zaxxer.hikari.HikariDataSource - requestId=
                username= organizationId= ip= - HikariPool-5 - Start completed.
2025-04-10 09:34:57.339 [restartedMain] INFO  org.flywaydb.core.FlywayExecutor - requestId=
                username= organizationId= ip= - Database: jdbc:postgresql://localhost:5432/saas (PostgreSQL 17.2)
2025-04-10 09:34:57.491 [restartedMain] INFO  o.f.core.internal.command.DbMigrate - requestId=
                username= organizationId= ip= - Current version of schema "public": 1
2025-04-10 09:34:57.491 [restartedMain] WARN  o.f.core.internal.command.DbMigrate - requestId=
                username= organizationId= ip= - outOfOrder mode is active. Migration of schema "public" may not be reproducible.
2025-04-10 09:34:57.491 [restartedMain] INFO  o.f.core.internal.command.DbMigrate - requestId=
                username= organizationId= ip= - Schema "public" is up to date. No migration necessary.
2025-04-10 09:34:57.796 [restartedMain] INFO  o.h.jpa.internal.util.LogHelper - requestId=
                username= organizationId= ip= - HHH000204: Processing PersistenceUnitInfo [name: default]
2025-04-10 09:34:57.799 [restartedMain] INFO  o.h.c.i.RegionFactoryInitiator - requestId=
                username= organizationId= ip= - HHH000026: Second-level cache disabled
2025-04-10 09:34:57.808 [restartedMain] INFO  o.s.o.j.p.SpringPersistenceUnitInfo - requestId=
                username= organizationId= ip= - No LoadTimeWeaver setup: ignoring JPA class transformer
2025-04-10 09:34:57.825 [restartedMain] WARN  org.hibernate.orm.deprecation - requestId=
                username= organizationId= ip= - HHH90000025: PostgreSQLDialect does not need to be specified explicitly using 'hibernate.dialect' (remove the property setting and it will be selected by default)
2025-04-10 09:34:58.475 [restartedMain] INFO  o.h.e.t.j.p.i.JtaPlatformInitiator - requestId=
                username= organizationId= ip= - HHH000489: No JTA platform available (set 'hibernate.transaction.jta.platform' to enable JTA platform integration)
2025-04-10 09:34:58.504 [restartedMain] INFO  o.s.o.j.LocalContainerEntityManagerFactoryBean - requestId=
                username= organizationId= ip= - Initialized JPA EntityManagerFactory for persistence unit 'default'
2025-04-10 09:35:00.058 [restartedMain] DEBUG c.d.s.c.s.i.f.JwtAuthenticationFilter - requestId=
                username= organizationId= ip= - Filter 'jwtAuthenticationFilter' configured for use
2025-04-10 09:35:00.058 [restartedMain] DEBUG c.d.s.common.filter.RateLimitFilter - requestId=
                username= organizationId= ip= - Filter 'rateLimitFilter' configured for use
2025-04-10 09:35:00.058 [restartedMain] DEBUG c.d.s.c.filter.RequestLoggingFilter - requestId=
                username= organizationId= ip= - Filter 'requestLoggingFilter' configured for use
2025-04-10 09:35:00.058 [restartedMain] DEBUG c.d.s.c.s.i.f.ApiKeyAuthenticationFilter - requestId=
                username= organizationId= ip= - Filter 'apiKeyAuthenticationFilter' configured for use
2025-04-10 09:35:01.868 [restartedMain] INFO  c.d.s.c.s.i.config.InitialDataLoader - requestId=
                username= organizationId= ip= - Initialisation des données désactivée temporairement
2025-04-10 09:35:02.297 [restartedMain] WARN  o.s.b.a.o.j.JpaBaseConfiguration$JpaWebConfiguration - requestId=
                username= organizationId= ip= - spring.jpa.open-in-view is enabled by default. Therefore, database queries may be performed during view rendering. Explicitly configure spring.jpa.open-in-view to disable this warning
2025-04-10 09:35:03.000 [restartedMain] INFO  o.s.b.a.e.web.EndpointLinksResolver - requestId=
                username= organizationId= ip= - Exposing 1 endpoint(s) beneath base path '/actuator'
2025-04-10 09:35:03.168 [restartedMain] INFO  o.s.s.web.DefaultSecurityFilterChain - requestId=
                username= organizationId= ip= - Will secure any request with [org.springframework.security.web.session.DisableEncodeUrlFilter@6d932f1b, org.springframework.security.web.context.request.async.WebAsyncManagerIntegrationFilter@1e015f6b, org.springframework.security.web.context.SecurityContextHolderFilter@68f6cb31, org.springframework.security.web.header.HeaderWriterFilter@72f79b53, org.springframework.web.filter.CorsFilter@e493702, org.springframework.security.web.authentication.logout.LogoutFilter@17ecbc15, com.devolution.saas.common.filter.RequestLoggingFilter@1993997b, com.devolution.saas.common.filter.RateLimitFilter@136acd88, com.devolution.saas.core.security.infrastructure.filter.JwtAuthenticationFilter@79cb7086, com.devolution.saas.core.security.infrastructure.filter.ApiKeyAuthenticationFilter@52cebe39, org.springframework.security.web.savedrequest.RequestCacheAwareFilter@25650dd2, org.springframework.security.web.servletapi.SecurityContextHolderAwareRequestFilter@4172ec2c, org.springframework.security.web.authentication.AnonymousAuthenticationFilter@5e095af, org.springframework.security.web.session.SessionManagementFilter@7ded5f08, org.springframework.security.web.access.ExceptionTranslationFilter@21df9d96, org.springframework.security.web.access.intercept.AuthorizationFilter@389d2cb3]
2025-04-10 09:35:04.244 [restartedMain] INFO  o.s.b.d.a.OptionalLiveReloadServer - requestId=
                username= organizationId= ip= - LiveReload server is running on port 35729
2025-04-10 09:35:04.305 [restartedMain] INFO  o.a.coyote.http11.Http11NioProtocol - requestId=
                username= organizationId= ip= - Starting ProtocolHandler ["http-nio-8080"]
2025-04-10 09:35:04.308 [restartedMain] INFO  o.s.b.w.e.tomcat.TomcatWebServer - requestId=
                username= organizationId= ip= - Tomcat started on port 8080 (http) with context path ''
2025-04-10 09:35:04.320 [restartedMain] INFO  com.devolution.saas.SaasApplication - requestId=
                username= organizationId= ip= - Started SaasApplication in 11.714 seconds (process running for 5943.223)
2025-04-10 09:35:04.320 [scheduling-1] DEBUG c.d.s.common.config.RateLimitConfig - requestId=
                username= organizationId= ip= - Exécution de la tâche planifiée de nettoyage des buckets de rate limiting
2025-04-10 09:35:04.321 [scheduling-1] DEBUG c.d.s.c.service.RateLimitService - requestId=
                username= organizationId= ip= - Nettoyage des buckets de rate limiting
2025-04-10 09:35:04.324 [restartedMain] INFO  o.s.b.d.a.ConditionEvaluationDeltaLoggingListener - requestId=
                username= organizationId= ip= - Condition evaluation unchanged
2025-04-10 09:36:14.599 [File Watcher] INFO  o.s.b.d.a.LocalDevToolsAutoConfiguration$RestartingClassPathChangeChangedEventListener - requestId=
                username= organizationId= ip= - Restarting due to 1 class path change (0 additions, 1 deletion, 0 modifications)
2025-04-10 09:36:14.601 [Thread-38] INFO  o.a.coyote.http11.Http11NioProtocol - requestId=
                username= organizationId= ip= - Stopping ProtocolHandler ["http-nio-8080"]
2025-04-10 09:36:14.607 [Thread-38] INFO  o.s.o.j.LocalContainerEntityManagerFactoryBean - requestId=
                username= organizationId= ip= - Closing JPA EntityManagerFactory for persistence unit 'default'
2025-04-10 09:36:14.608 [Thread-38] INFO  com.zaxxer.hikari.HikariDataSource - requestId=
                username= organizationId= ip= - HikariPool-5 - Shutdown initiated...
2025-04-10 09:36:14.610 [Thread-38] INFO  com.zaxxer.hikari.HikariDataSource - requestId=
                username= organizationId= ip= - HikariPool-5 - Shutdown completed.
2025-04-10 09:36:15.198 [restartedMain] INFO  com.devolution.saas.SaasApplication - requestId=
                username= organizationId= ip= - Starting SaasApplication using Java 21.0.6 with PID 10664 (E:\project\method\Saas\build\classes\java\main started by cyrkakou in E:\project\method\Saas)
2025-04-10 09:36:15.199 [restartedMain] DEBUG com.devolution.saas.SaasApplication - requestId=
                username= organizationId= ip= - Running with Spring Boot v3.2.3, Spring v6.1.4
2025-04-10 09:36:15.199 [restartedMain] INFO  com.devolution.saas.SaasApplication - requestId=
                username= organizationId= ip= - The following 1 profile is active: "dev"
2025-04-10 09:36:17.498 [restartedMain] INFO  o.s.d.r.c.RepositoryConfigurationDelegate - requestId=
                username= organizationId= ip= - Bootstrapping Spring Data JPA repositories in DEFAULT mode.
2025-04-10 09:36:17.759 [restartedMain] INFO  o.s.d.r.c.RepositoryConfigurationDelegate - requestId=
                username= organizationId= ip= - Finished Spring Data repository scanning in 260 ms. Found 8 JPA repository interfaces.
2025-04-10 09:36:19.966 [restartedMain] INFO  o.s.b.w.e.tomcat.TomcatWebServer - requestId=
                username= organizationId= ip= - Tomcat initialized with port 8080 (http)
2025-04-10 09:36:19.968 [restartedMain] INFO  o.a.coyote.http11.Http11NioProtocol - requestId=
                username= organizationId= ip= - Initializing ProtocolHandler ["http-nio-8080"]
2025-04-10 09:36:19.968 [restartedMain] INFO  o.a.catalina.core.StandardService - requestId=
                username= organizationId= ip= - Starting service [Tomcat]
2025-04-10 09:36:19.968 [restartedMain] INFO  o.a.catalina.core.StandardEngine - requestId=
                username= organizationId= ip= - Starting Servlet engine: [Apache Tomcat/10.1.19]
2025-04-10 09:36:20.096 [restartedMain] INFO  o.a.c.c.C.[Tomcat-1].[localhost].[/] - requestId=
                username= organizationId= ip= - Initializing Spring embedded WebApplicationContext
2025-04-10 09:36:20.098 [restartedMain] INFO  o.s.b.w.s.c.ServletWebServerApplicationContext - requestId=
                username= organizationId= ip= - Root WebApplicationContext: initialization completed in 4896 ms
2025-04-10 09:36:21.861 [restartedMain] INFO  com.zaxxer.hikari.HikariDataSource - requestId=
                username= organizationId= ip= - HikariPool-6 - Starting...
2025-04-10 09:36:22.090 [restartedMain] INFO  com.zaxxer.hikari.pool.HikariPool - requestId=
                username= organizationId= ip= - HikariPool-6 - Added connection org.postgresql.jdbc.PgConnection@7e3a7637
2025-04-10 09:36:22.090 [restartedMain] INFO  com.zaxxer.hikari.HikariDataSource - requestId=
                username= organizationId= ip= - HikariPool-6 - Start completed.
2025-04-10 09:36:22.092 [restartedMain] INFO  org.flywaydb.core.FlywayExecutor - requestId=
                username= organizationId= ip= - Database: jdbc:postgresql://localhost:5432/saas (PostgreSQL 17.2)
2025-04-10 09:36:22.336 [restartedMain] INFO  o.f.core.internal.command.DbMigrate - requestId=
                username= organizationId= ip= - Current version of schema "public": 1
2025-04-10 09:36:22.338 [restartedMain] WARN  o.f.core.internal.command.DbMigrate - requestId=
                username= organizationId= ip= - outOfOrder mode is active. Migration of schema "public" may not be reproducible.
2025-04-10 09:36:22.338 [restartedMain] INFO  o.f.core.internal.command.DbMigrate - requestId=
                username= organizationId= ip= - Schema "public" is up to date. No migration necessary.
2025-04-10 09:36:22.589 [restartedMain] INFO  o.h.jpa.internal.util.LogHelper - requestId=
                username= organizationId= ip= - HHH000204: Processing PersistenceUnitInfo [name: default]
2025-04-10 09:36:22.594 [restartedMain] INFO  o.h.c.i.RegionFactoryInitiator - requestId=
                username= organizationId= ip= - HHH000026: Second-level cache disabled
2025-04-10 09:36:22.604 [restartedMain] INFO  o.s.o.j.p.SpringPersistenceUnitInfo - requestId=
                username= organizationId= ip= - No LoadTimeWeaver setup: ignoring JPA class transformer
2025-04-10 09:36:22.624 [restartedMain] WARN  org.hibernate.orm.deprecation - requestId=
                username= organizationId= ip= - HHH90000025: PostgreSQLDialect does not need to be specified explicitly using 'hibernate.dialect' (remove the property setting and it will be selected by default)
2025-04-10 09:36:23.695 [restartedMain] INFO  o.h.e.t.j.p.i.JtaPlatformInitiator - requestId=
                username= organizationId= ip= - HHH000489: No JTA platform available (set 'hibernate.transaction.jta.platform' to enable JTA platform integration)
2025-04-10 09:36:23.725 [restartedMain] INFO  o.s.o.j.LocalContainerEntityManagerFactoryBean - requestId=
                username= organizationId= ip= - Initialized JPA EntityManagerFactory for persistence unit 'default'
2025-04-10 09:36:25.190 [restartedMain] DEBUG c.d.s.c.s.i.f.JwtAuthenticationFilter - requestId=
                username= organizationId= ip= - Filter 'jwtAuthenticationFilter' configured for use
2025-04-10 09:36:25.190 [restartedMain] DEBUG c.d.s.common.filter.RateLimitFilter - requestId=
                username= organizationId= ip= - Filter 'rateLimitFilter' configured for use
2025-04-10 09:36:25.191 [restartedMain] DEBUG c.d.s.c.filter.RequestLoggingFilter - requestId=
                username= organizationId= ip= - Filter 'requestLoggingFilter' configured for use
2025-04-10 09:36:25.191 [restartedMain] DEBUG c.d.s.c.s.i.f.ApiKeyAuthenticationFilter - requestId=
                username= organizationId= ip= - Filter 'apiKeyAuthenticationFilter' configured for use
2025-04-10 09:36:26.745 [restartedMain] INFO  c.d.s.c.s.i.config.InitialDataLoader - requestId=
                username= organizationId= ip= - Initialisation des données désactivée temporairement
2025-04-10 09:36:26.820 [restartedMain] WARN  o.s.b.w.s.c.AnnotationConfigServletWebServerApplicationContext - requestId=
                username= organizationId= ip= - Exception encountered during context initialization - cancelling refresh attempt: org.springframework.beans.factory.UnsatisfiedDependencyException: Error creating bean with name 'referenceDataController' defined in file [E:\project\method\Saas\build\classes\java\main\com\devolution\saas\insurance\nonlife\auto\reference\api\ReferenceDataController.class]: Unsatisfied dependency expressed through constructor parameter 0: No qualifying bean of type 'com.devolution.saas.insurance.nonlife.auto.reference.application.service.ReferenceDataService' available: expected at least 1 bean which qualifies as autowire candidate. Dependency annotations: {}
2025-04-10 09:36:26.822 [restartedMain] INFO  o.s.o.j.LocalContainerEntityManagerFactoryBean - requestId=
                username= organizationId= ip= - Closing JPA EntityManagerFactory for persistence unit 'default'
2025-04-10 09:36:26.822 [restartedMain] INFO  com.zaxxer.hikari.HikariDataSource - requestId=
                username= organizationId= ip= - HikariPool-6 - Shutdown initiated...
2025-04-10 09:36:26.826 [restartedMain] INFO  com.zaxxer.hikari.HikariDataSource - requestId=
                username= organizationId= ip= - HikariPool-6 - Shutdown completed.
2025-04-10 09:36:26.827 [restartedMain] INFO  o.a.catalina.core.StandardService - requestId=
                username= organizationId= ip= - Stopping service [Tomcat]
2025-04-10 09:36:26.839 [restartedMain] INFO  o.s.b.a.l.ConditionEvaluationReportLogger - requestId=
                username= organizationId= ip= - 

Error starting ApplicationContext. To display the condition evaluation report re-run your application with 'debug' enabled.
2025-04-10 09:36:26.846 [restartedMain] ERROR o.s.b.d.LoggingFailureAnalysisReporter - requestId=
                username= organizationId= ip= - 

***************************
APPLICATION FAILED TO START
***************************

Description:

Parameter 0 of constructor in com.devolution.saas.insurance.nonlife.auto.reference.api.ReferenceDataController required a bean of type 'com.devolution.saas.insurance.nonlife.auto.reference.application.service.ReferenceDataService' that could not be found.


Action:

Consider defining a bean of type 'com.devolution.saas.insurance.nonlife.auto.reference.application.service.ReferenceDataService' in your configuration.

